# ******************************************************
# PLUTO 4.2 Grid File
# Generated on  Thu Apr 25 09:57:19 2019
# 
# DIMENSIONS: 2
# GEOMETRY:   POLAR
# X1: [ 1.000000,  40.000000], 684 point(s), 2 ghosts
# X2: [ 0.000000,  6.283185], 584 point(s), 2 ghosts
# ******************************************************
684 
 1   1.000000000000e+00    1.005407667552e+00
 2   1.005407667552e+00    1.010844577973e+00
 3   1.010844577973e+00    1.016310889398e+00
 4   1.016310889398e+00    1.021806760817e+00
 5   1.021806760817e+00    1.027332352082e+00
 6   1.027332352082e+00    1.032887823908e+00
 7   1.032887823908e+00    1.038473337879e+00
 8   1.038473337879e+00    1.044089056452e+00
 9   1.044089056452e+00    1.049735142964e+00
 10   1.049735142964e+00    1.055411761635e+00
 11   1.055411761635e+00    1.061119077573e+00
 12   1.061119077573e+00    1.066857256778e+00
 13   1.066857256778e+00    1.072626466148e+00
 14   1.072626466148e+00    1.078426873485e+00
 15   1.078426873485e+00    1.084258647496e+00
 16   1.084258647496e+00    1.090121957802e+00
 17   1.090121957802e+00    1.096016974941e+00
 18   1.096016974941e+00    1.101943870374e+00
 19   1.101943870374e+00    1.107902816486e+00
 20   1.107902816486e+00    1.113893986598e+00
 21   1.113893986598e+00    1.119917554966e+00
 22   1.119917554966e+00    1.125973696789e+00
 23   1.125973696789e+00    1.132062588214e+00
 24   1.132062588214e+00    1.138184406339e+00
 25   1.138184406339e+00    1.144339329222e+00
 26   1.144339329222e+00    1.150527535881e+00
 27   1.150527535881e+00    1.156749206305e+00
 28   1.156749206305e+00    1.163004521454e+00
 29   1.163004521454e+00    1.169293663268e+00
 30   1.169293663268e+00    1.175616814670e+00
 31   1.175616814670e+00    1.181974159572e+00
 32   1.181974159572e+00    1.188365882883e+00
 33   1.188365882883e+00    1.194792170508e+00
 34   1.194792170508e+00    1.201253209360e+00
 35   1.201253209360e+00    1.207749187362e+00
 36   1.207749187362e+00    1.214280293454e+00
 37   1.214280293454e+00    1.220846717596e+00
 38   1.220846717596e+00    1.227448650777e+00
 39   1.227448650777e+00    1.234086285018e+00
 40   1.234086285018e+00    1.240759813378e+00
 41   1.240759813378e+00    1.247469429961e+00
 42   1.247469429961e+00    1.254215329920e+00
 43   1.254215329920e+00    1.260997709463e+00
 44   1.260997709463e+00    1.267816765860e+00
 45   1.267816765860e+00    1.274672697447e+00
 46   1.274672697447e+00    1.281565703633e+00
 47   1.281565703633e+00    1.288495984904e+00
 48   1.288495984904e+00    1.295463742833e+00
 49   1.295463742833e+00    1.302469180081e+00
 50   1.302469180081e+00    1.309512500403e+00
 51   1.309512500403e+00    1.316593908661e+00
 52   1.316593908661e+00    1.323713610821e+00
 53   1.323713610821e+00    1.330871813962e+00
 54   1.330871813962e+00    1.338068726287e+00
 55   1.338068726287e+00    1.345304557121e+00
 56   1.345304557121e+00    1.352579516922e+00
 57   1.352579516922e+00    1.359893817288e+00
 58   1.359893817288e+00    1.367247670958e+00
 59   1.367247670958e+00    1.374641291824e+00
 60   1.374641291824e+00    1.382074894934e+00
 61   1.382074894934e+00    1.389548696498e+00
 62   1.389548696498e+00    1.397062913896e+00
 63   1.397062913896e+00    1.404617765684e+00
 64   1.404617765684e+00    1.412213471599e+00
 65   1.412213471599e+00    1.419850252566e+00
 66   1.419850252566e+00    1.427528330706e+00
 67   1.427528330706e+00    1.435247929340e+00
 68   1.435247929340e+00    1.443009272997e+00
 69   1.443009272997e+00    1.450812587420e+00
 70   1.450812587420e+00    1.458658099574e+00
 71   1.458658099574e+00    1.466546037649e+00
 72   1.466546037649e+00    1.474476631070e+00
 73   1.474476631070e+00    1.482450110505e+00
 74   1.482450110505e+00    1.490466707865e+00
 75   1.490466707865e+00    1.498526656319e+00
 76   1.498526656319e+00    1.506630190295e+00
 77   1.506630190295e+00    1.514777545488e+00
 78   1.514777545488e+00    1.522968958870e+00
 79   1.522968958870e+00    1.531204668692e+00
 80   1.531204668692e+00    1.539484914494e+00
 81   1.539484914494e+00    1.547809937114e+00
 82   1.547809937114e+00    1.556179978688e+00
 83   1.556179978688e+00    1.564595282664e+00
 84   1.564595282664e+00    1.573056093806e+00
 85   1.573056093806e+00    1.581562658203e+00
 86   1.581562658203e+00    1.590115223271e+00
 87   1.590115223271e+00    1.598714037769e+00
 88   1.598714037769e+00    1.607359351796e+00
 89   1.607359351796e+00    1.616051416808e+00
 90   1.616051416808e+00    1.624790485617e+00
 91   1.624790485617e+00    1.633576812405e+00
 92   1.633576812405e+00    1.642410652728e+00
 93   1.642410652728e+00    1.651292263522e+00
 94   1.651292263522e+00    1.660221903115e+00
 95   1.660221903115e+00    1.669199831230e+00
 96   1.669199831230e+00    1.678226308996e+00
 97   1.678226308996e+00    1.687301598952e+00
 98   1.687301598952e+00    1.696425965060e+00
 99   1.696425965060e+00    1.705599672706e+00
 100   1.705599672706e+00    1.714822988713e+00
 101   1.714822988713e+00    1.724096181347e+00
 102   1.724096181347e+00    1.733419520324e+00
 103   1.733419520324e+00    1.742793276818e+00
 104   1.742793276818e+00    1.752217723472e+00
 105   1.752217723472e+00    1.761693134399e+00
 106   1.761693134399e+00    1.771219785199e+00
 107   1.771219785199e+00    1.780797952960e+00
 108   1.780797952960e+00    1.790427916267e+00
 109   1.790427916267e+00    1.800109955214e+00
 110   1.800109955214e+00    1.809844351410e+00
 111   1.809844351410e+00    1.819631387984e+00
 112   1.819631387984e+00    1.829471349597e+00
 113   1.829471349597e+00    1.839364522452e+00
 114   1.839364522452e+00    1.849311194297e+00
 115   1.849311194297e+00    1.859311654437e+00
 116   1.859311654437e+00    1.869366193740e+00
 117   1.869366193740e+00    1.879475104649e+00
 118   1.879475104649e+00    1.889638681188e+00
 119   1.889638681188e+00    1.899857218970e+00
 120   1.899857218970e+00    1.910131015207e+00
 121   1.910131015207e+00    1.920460368718e+00
 122   1.920460368718e+00    1.930845579939e+00
 123   1.930845579939e+00    1.941286950931e+00
 124   1.941286950931e+00    1.951784785385e+00
 125   1.951784785385e+00    1.962339388638e+00
 126   1.962339388638e+00    1.972951067676e+00
 127   1.972951067676e+00    1.983620131147e+00
 128   1.983620131147e+00    1.994346889366e+00
 129   1.994346889366e+00    2.005131654328e+00
 130   2.005131654328e+00    2.015974739713e+00
 131   2.015974739713e+00    2.026876460899e+00
 132   2.026876460899e+00    2.037837134969e+00
 133   2.037837134969e+00    2.048857080721e+00
 134   2.048857080721e+00    2.059936618675e+00
 135   2.059936618675e+00    2.071076071088e+00
 136   2.071076071088e+00    2.082275761956e+00
 137   2.082275761956e+00    2.093536017029e+00
 138   2.093536017029e+00    2.104857163817e+00
 139   2.104857163817e+00    2.116239531604e+00
 140   2.116239531604e+00    2.127683451452e+00
 141   2.127683451452e+00    2.139189256214e+00
 142   2.139189256214e+00    2.150757280543e+00
 143   2.150757280543e+00    2.162387860902e+00
 144   2.162387860902e+00    2.174081335573e+00
 145   2.174081335573e+00    2.185838044667e+00
 146   2.185838044667e+00    2.197658330136e+00
 147   2.197658330136e+00    2.209542535779e+00
 148   2.209542535779e+00    2.221491007255e+00
 149   2.221491007255e+00    2.233504092092e+00
 150   2.233504092092e+00    2.245582139699e+00
 151   2.245582139699e+00    2.257725501372e+00
 152   2.257725501372e+00    2.269934530307e+00
 153   2.269934530307e+00    2.282209581613e+00
 154   2.282209581613e+00    2.294551012315e+00
 155   2.294551012315e+00    2.306959181371e+00
 156   2.306959181371e+00    2.319434449680e+00
 157   2.319434449680e+00    2.331977180094e+00
 158   2.331977180094e+00    2.344587737423e+00
 159   2.344587737423e+00    2.357266488454e+00
 160   2.357266488454e+00    2.370013801956e+00
 161   2.370013801956e+00    2.382830048691e+00
 162   2.382830048691e+00    2.395715601428e+00
 163   2.395715601428e+00    2.408670834950e+00
 164   2.408670834950e+00    2.421696126068e+00
 165   2.421696126068e+00    2.434791853631e+00
 166   2.434791853631e+00    2.447958398534e+00
 167   2.447958398534e+00    2.461196143735e+00
 168   2.461196143735e+00    2.474505474261e+00
 169   2.474505474261e+00    2.487886777223e+00
 170   2.487886777223e+00    2.501340441821e+00
 171   2.501340441821e+00    2.514866859366e+00
 172   2.514866859366e+00    2.528466423279e+00
 173   2.528466423279e+00    2.542139529114e+00
 174   2.542139529114e+00    2.555886574559e+00
 175   2.555886574559e+00    2.569707959455e+00
 176   2.569707959455e+00    2.583604085806e+00
 177   2.583604085806e+00    2.597575357789e+00
 178   2.597575357789e+00    2.611622181766e+00
 179   2.611622181766e+00    2.625744966297e+00
 180   2.625744966297e+00    2.639944122152e+00
 181   2.639944122152e+00    2.654220062321e+00
 182   2.654220062321e+00    2.668573202028e+00
 183   2.668573202028e+00    2.683003958744e+00
 184   2.683003958744e+00    2.697512752194e+00
 185   2.697512752194e+00    2.712100004376e+00
 186   2.712100004376e+00    2.726766139568e+00
 187   2.726766139568e+00    2.741511584344e+00
 188   2.741511584344e+00    2.756336767583e+00
 189   2.756336767583e+00    2.771242120484e+00
 190   2.771242120484e+00    2.786228076578e+00
 191   2.786228076578e+00    2.801295071741e+00
 192   2.801295071741e+00    2.816443544205e+00
 193   2.816443544205e+00    2.831673934572e+00
 194   2.831673934572e+00    2.846986685826e+00
 195   2.846986685826e+00    2.862382243349e+00
 196   2.862382243349e+00    2.877861054928e+00
 197   2.877861054928e+00    2.893423570775e+00
 198   2.893423570775e+00    2.909070243534e+00
 199   2.909070243534e+00    2.924801528297e+00
 200   2.924801528297e+00    2.940617882618e+00
 201   2.940617882618e+00    2.956519766526e+00
 202   2.956519766526e+00    2.972507642535e+00
 203   2.972507642535e+00    2.988581975662e+00
 204   2.988581975662e+00    3.004743233439e+00
 205   3.004743233439e+00    3.020991885926e+00
 206   3.020991885926e+00    3.037328405723e+00
 207   3.037328405723e+00    3.053753267988e+00
 208   3.053753267988e+00    3.070266950448e+00
 209   3.070266950448e+00    3.086869933413e+00
 210   3.086869933413e+00    3.103562699790e+00
 211   3.103562699790e+00    3.120345735098e+00
 212   3.120345735098e+00    3.137219527481e+00
 213   3.137219527481e+00    3.154184567724e+00
 214   3.154184567724e+00    3.171241349265e+00
 215   3.171241349265e+00    3.188390368210e+00
 216   3.188390368210e+00    3.205632123348e+00
 217   3.205632123348e+00    3.222967116166e+00
 218   3.222967116166e+00    3.240395850862e+00
 219   3.240395850862e+00    3.257918834361e+00
 220   3.257918834361e+00    3.275536576330e+00
 221   3.275536576330e+00    3.293249589190e+00
 222   3.293249589190e+00    3.311058388135e+00
 223   3.311058388135e+00    3.328963491144e+00
 224   3.328963491144e+00    3.346965418998e+00
 225   3.346965418998e+00    3.365064695293e+00
 226   3.365064695293e+00    3.383261846457e+00
 227   3.383261846457e+00    3.401557401765e+00
 228   3.401557401765e+00    3.419951893353e+00
 229   3.419951893353e+00    3.438445856237e+00
 230   3.438445856237e+00    3.457039828324e+00
 231   3.457039828324e+00    3.475734350431e+00
 232   3.475734350431e+00    3.494529966298e+00
 233   3.494529966298e+00    3.513427222607e+00
 234   3.513427222607e+00    3.532426668996e+00
 235   3.532426668996e+00    3.551528858075e+00
 236   3.551528858075e+00    3.570734345441e+00
 237   3.570734345441e+00    3.590043689699e+00
 238   3.590043689699e+00    3.609457452471e+00
 239   3.609457452471e+00    3.628976198418e+00
 240   3.628976198418e+00    3.648600495254e+00
 241   3.648600495254e+00    3.668330913764e+00
 242   3.668330913764e+00    3.688168027817e+00
 243   3.688168027817e+00    3.708112414388e+00
 244   3.708112414388e+00    3.728164653572e+00
 245   3.728164653572e+00    3.748325328598e+00
 246   3.748325328598e+00    3.768595025853e+00
 247   3.768595025853e+00    3.788974334892e+00
 248   3.788974334892e+00    3.809463848459e+00
 249   3.809463848459e+00    3.830064162504e+00
 250   3.830064162504e+00    3.850775876199e+00
 251   3.850775876199e+00    3.871599591956e+00
 252   3.871599591956e+00    3.892535915444e+00
 253   3.892535915444e+00    3.913585455610e+00
 254   3.913585455610e+00    3.934748824692e+00
 255   3.934748824692e+00    3.956026638237e+00
 256   3.956026638237e+00    3.977419515125e+00
 257   3.977419515125e+00    3.998928077578e+00
 258   3.998928077578e+00    4.020552951187e+00
 259   4.020552951187e+00    4.042294764924e+00
 260   4.042294764924e+00    4.064154151161e+00
 261   4.064154151161e+00    4.086131745691e+00
 262   4.086131745691e+00    4.108228187747e+00
 263   4.108228187747e+00    4.130444120015e+00
 264   4.130444120015e+00    4.152780188659e+00
 265   4.152780188659e+00    4.175237043337e+00
 266   4.175237043337e+00    4.197815337219e+00
 267   4.197815337219e+00    4.220515727009e+00
 268   4.220515727009e+00    4.243338872960e+00
 269   4.243338872960e+00    4.266285438896e+00
 270   4.266285438896e+00    4.289356092233e+00
 271   4.289356092233e+00    4.312551503993e+00
 272   4.312551503993e+00    4.335872348828e+00
 273   4.335872348828e+00    4.359319305040e+00
 274   4.359319305040e+00    4.382893054596e+00
 275   4.382893054596e+00    4.406594283152e+00
 276   4.406594283152e+00    4.430423680073e+00
 277   4.430423680073e+00    4.454381938451e+00
 278   4.454381938451e+00    4.478469755125e+00
 279   4.478469755125e+00    4.502687830703e+00
 280   4.502687830703e+00    4.527036869583e+00
 281   4.527036869583e+00    4.551517579971e+00
 282   4.551517579971e+00    4.576130673902e+00
 283   4.576130673902e+00    4.600876867262e+00
 284   4.600876867262e+00    4.625756879809e+00
 285   4.625756879809e+00    4.650771435193e+00
 286   4.650771435193e+00    4.675921260976e+00
 287   4.675921260976e+00    4.701207088656e+00
 288   4.701207088656e+00    4.726629653685e+00
 289   4.726629653685e+00    4.752189695495e+00
 290   4.752189695495e+00    4.777887957514e+00
 291   4.777887957514e+00    4.803725187190e+00
 292   4.803725187190e+00    4.829702136015e+00
 293   4.829702136015e+00    4.855819559543e+00
 294   4.855819559543e+00    4.882078217415e+00
 295   4.882078217415e+00    4.908478873378e+00
 296   4.908478873378e+00    4.935022295313e+00
 297   4.935022295313e+00    4.961709255249e+00
 298   4.961709255249e+00    4.988540529392e+00
 299   4.988540529392e+00    5.015516898146e+00
 300   5.015516898146e+00    5.042639146134e+00
 301   5.042639146134e+00    5.069908062223e+00
 302   5.069908062223e+00    5.097324439544e+00
 303   5.097324439544e+00    5.124889075519e+00
 304   5.124889075519e+00    5.152602771881e+00
 305   5.152602771881e+00    5.180466334701e+00
 306   5.180466334701e+00    5.208480574404e+00
 307   5.208480574404e+00    5.236646305803e+00
 308   5.236646305803e+00    5.264964348114e+00
 309   5.264964348114e+00    5.293435524983e+00
 310   5.293435524983e+00    5.322060664511e+00
 311   5.322060664511e+00    5.350840599278e+00
 312   5.350840599278e+00    5.379776166364e+00
 313   5.379776166364e+00    5.408868207377e+00
 314   5.408868207377e+00    5.438117568477e+00
 315   5.438117568477e+00    5.467525100397e+00
 316   5.467525100397e+00    5.497091658474e+00
 317   5.497091658474e+00    5.526818102667e+00
 318   5.526818102667e+00    5.556705297589e+00
 319   5.556705297589e+00    5.586754112524e+00
 320   5.586754112524e+00    5.616965421461e+00
 321   5.616965421461e+00    5.647340103112e+00
 322   5.647340103112e+00    5.677879040945e+00
 323   5.677879040945e+00    5.708583123200e+00
 324   5.708583123200e+00    5.739453242925e+00
 325   5.739453242925e+00    5.770490297994e+00
 326   5.770490297994e+00    5.801695191139e+00
 327   5.801695191139e+00    5.833068829973e+00
 328   5.833068829973e+00    5.864612127015e+00
 329   5.864612127015e+00    5.896325999721e+00
 330   5.896325999721e+00    5.928211370507e+00
 331   5.928211370507e+00    5.960269166778e+00
 332   5.960269166778e+00    5.992500320954e+00
 333   5.992500320954e+00    6.024905770497e+00
 334   6.024905770497e+00    6.057486457937e+00
 335   6.057486457937e+00    6.090243330904e+00
 336   6.090243330904e+00    6.123177342150e+00
 337   6.123177342150e+00    6.156289449580e+00
 338   6.156289449580e+00    6.189580616279e+00
 339   6.189580616279e+00    6.223051810539e+00
 340   6.223051810539e+00    6.256704005891e+00
 341   6.256704005891e+00    6.290538181128e+00
 342   6.290538181128e+00    6.324555320337e+00
 343   6.324555320337e+00    6.358756412925e+00
 344   6.358756412925e+00    6.393142453652e+00
 345   6.393142453652e+00    6.427714442655e+00
 346   6.427714442655e+00    6.462473385482e+00
 347   6.462473385482e+00    6.497420293116e+00
 348   6.497420293116e+00    6.532556182009e+00
 349   6.532556182009e+00    6.567882074108e+00
 350   6.567882074108e+00    6.603398996887e+00
 351   6.603398996887e+00    6.639107983377e+00
 352   6.639107983377e+00    6.675010072195e+00
 353   6.675010072195e+00    6.711106307573e+00
 354   6.711106307573e+00    6.747397739392e+00
 355   6.747397739392e+00    6.783885423210e+00
 356   6.783885423210e+00    6.820570420291e+00
 357   6.820570420291e+00    6.857453797641e+00
 358   6.857453797641e+00    6.894536628034e+00
 359   6.894536628034e+00    6.931819990045e+00
 360   6.931819990045e+00    6.969304968083e+00
 361   6.969304968083e+00    7.006992652421e+00
 362   7.006992652421e+00    7.044884139227e+00
 363   7.044884139227e+00    7.082980530596e+00
 364   7.082980530596e+00    7.121282934584e+00
 365   7.121282934584e+00    7.159792465240e+00
 366   7.159792465240e+00    7.198510242635e+00
 367   7.198510242635e+00    7.237437392899e+00
 368   7.237437392899e+00    7.276575048250e+00
 369   7.276575048250e+00    7.315924347030e+00
 370   7.315924347030e+00    7.355486433737e+00
 371   7.355486433737e+00    7.395262459055e+00
 372   7.395262459055e+00    7.435253579896e+00
 373   7.435253579896e+00    7.475460959423e+00
 374   7.475460959423e+00    7.515885767091e+00
 375   7.515885767091e+00    7.556529178680e+00
 376   7.556529178680e+00    7.597392376328e+00
 377   7.597392376328e+00    7.638476548563e+00
 378   7.638476548563e+00    7.679782890343e+00
 379   7.679782890343e+00    7.721312603088e+00
 380   7.721312603088e+00    7.763066894713e+00
 381   7.763066894713e+00    7.805046979665e+00
 382   7.805046979665e+00    7.847254078961e+00
 383   7.847254078961e+00    7.889689420218e+00
 384   7.889689420218e+00    7.932354237693e+00
 385   7.932354237693e+00    7.975249772318e+00
 386   7.975249772318e+00    8.018377271733e+00
 387   8.018377271733e+00    8.061737990327e+00
 388   8.061737990327e+00    8.105333189272e+00
 389   8.105333189272e+00    8.149164136560e+00
 390   8.149164136560e+00    8.193232107039e+00
 391   8.193232107039e+00    8.237538382453e+00
 392   8.237538382453e+00    8.282084251474e+00
 393   8.282084251474e+00    8.326871009746e+00
 394   8.326871009746e+00    8.371899959917e+00
 395   8.371899959917e+00    8.417172411681e+00
 396   8.417172411681e+00    8.462689681814e+00
 397   8.462689681814e+00    8.508453094211e+00
 398   8.508453094211e+00    8.554463979928e+00
 399   8.554463979928e+00    8.600723677220e+00
 400   8.600723677220e+00    8.647233531575e+00
 401   8.647233531575e+00    8.693994895761e+00
 402   8.693994895761e+00    8.741009129858e+00
 403   8.741009129858e+00    8.788277601304e+00
 404   8.788277601304e+00    8.835801684928e+00
 405   8.835801684928e+00    8.883582762998e+00
 406   8.883582762998e+00    8.931622225254e+00
 407   8.931622225254e+00    8.979921468950e+00
 408   8.979921468950e+00    9.028481898900e+00
 409   9.028481898900e+00    9.077304927511e+00
 410   9.077304927511e+00    9.126391974829e+00
 411   9.126391974829e+00    9.175744468581e+00
 412   9.175744468581e+00    9.225363844211e+00
 413   9.225363844211e+00    9.275251544929e+00
 414   9.275251544929e+00    9.325409021748e+00
 415   9.325409021748e+00    9.375837733527e+00
 416   9.375837733527e+00    9.426539147014e+00
 417   9.426539147014e+00    9.477514736889e+00
 418   9.477514736889e+00    9.528765985808e+00
 419   9.528765985808e+00    9.580294384442e+00
 420   9.580294384442e+00    9.632101431526e+00
 421   9.632101431526e+00    9.684188633898e+00
 422   9.684188633898e+00    9.736557506543e+00
 423   9.736557506543e+00    9.789209572642e+00
 424   9.789209572642e+00    9.842146363610e+00
 425   9.842146363610e+00    9.895369419146e+00
 426   9.895369419146e+00    9.948880287271e+00
 427   9.948880287271e+00    1.000268052438e+01
 428   1.000268052438e+01    1.005677169529e+01
 429   1.005677169529e+01    1.011115537327e+01
 430   1.011115537327e+01    1.016583314009e+01
 431   1.016583314009e+01    1.022080658611e+01
 432   1.022080658611e+01    1.027607731024e+01
 433   1.027607731024e+01    1.033164692008e+01
 434   1.033164692008e+01    1.038751703189e+01
 435   1.038751703189e+01    1.044368927069e+01
 436   1.044368927069e+01    1.050016527028e+01
 437   1.050016527028e+01    1.055694667331e+01
 438   1.055694667331e+01    1.061403513129e+01
 439   1.061403513129e+01    1.067143230466e+01
 440   1.067143230466e+01    1.072913986287e+01
 441   1.072913986287e+01    1.078715948438e+01
 442   1.078715948438e+01    1.084549285670e+01
 443   1.084549285670e+01    1.090414167651e+01
 444   1.090414167651e+01    1.096310764964e+01
 445   1.096310764964e+01    1.102239249115e+01
 446   1.102239249115e+01    1.108199792537e+01
 447   1.108199792537e+01    1.114192568597e+01
 448   1.114192568597e+01    1.120217751597e+01
 449   1.120217751597e+01    1.126275516784e+01
 450   1.126275516784e+01    1.132366040351e+01
 451   1.132366040351e+01    1.138489499444e+01
 452   1.138489499444e+01    1.144646072169e+01
 453   1.144646072169e+01    1.150835937592e+01
 454   1.150835937592e+01    1.157059275750e+01
 455   1.157059275750e+01    1.163316267651e+01
 456   1.163316267651e+01    1.169607095285e+01
 457   1.169607095285e+01    1.175931941623e+01
 458   1.175931941623e+01    1.182290990628e+01
 459   1.182290990628e+01    1.188684427255e+01
 460   1.188684427255e+01    1.195112437462e+01
 461   1.195112437462e+01    1.201575208211e+01
 462   1.201575208211e+01    1.208072927476e+01
 463   1.208072927476e+01    1.214605784247e+01
 464   1.214605784247e+01    1.221173968535e+01
 465   1.221173968535e+01    1.227777671381e+01
 466   1.227777671381e+01    1.234417084856e+01
 467   1.234417084856e+01    1.241092402071e+01
 468   1.241092402071e+01    1.247803817183e+01
 469   1.247803817183e+01    1.254551525397e+01
 470   1.254551525397e+01    1.261335722974e+01
 471   1.261335722974e+01    1.268156607235e+01
 472   1.268156607235e+01    1.275014376572e+01
 473   1.275014376572e+01    1.281909230444e+01
 474   1.281909230444e+01    1.288841369395e+01
 475   1.288841369395e+01    1.295810995048e+01
 476   1.295810995048e+01    1.302818310120e+01
 477   1.302818310120e+01    1.309863518422e+01
 478   1.309863518422e+01    1.316946824869e+01
 479   1.316946824869e+01    1.324068435481e+01
 480   1.324068435481e+01    1.331228557397e+01
 481   1.331228557397e+01    1.338427398871e+01
 482   1.338427398871e+01    1.345665169287e+01
 483   1.345665169287e+01    1.352942079160e+01
 484   1.352942079160e+01    1.360258340141e+01
 485   1.360258340141e+01    1.367614165030e+01
 486   1.367614165030e+01    1.375009767774e+01
 487   1.375009767774e+01    1.382445363479e+01
 488   1.382445363479e+01    1.389921168414e+01
 489   1.389921168414e+01    1.397437400017e+01
 490   1.397437400017e+01    1.404994276901e+01
 491   1.404994276901e+01    1.412592018864e+01
 492   1.412592018864e+01    1.420230846888e+01
 493   1.420230846888e+01    1.427910983156e+01
 494   1.427910983156e+01    1.435632651047e+01
 495   1.435632651047e+01    1.443396075151e+01
 496   1.443396075151e+01    1.451201481272e+01
 497   1.451201481272e+01    1.459049096434e+01
 498   1.459049096434e+01    1.466939148890e+01
 499   1.466939148890e+01    1.474871868126e+01
 500   1.474871868126e+01    1.482847484871e+01
 501   1.482847484871e+01    1.490866231100e+01
 502   1.490866231100e+01    1.498928340043e+01
 503   1.498928340043e+01    1.507034046191e+01
 504   1.507034046191e+01    1.515183585302e+01
 505   1.515183585302e+01    1.523377194412e+01
 506   1.523377194412e+01    1.531615111836e+01
 507   1.531615111836e+01    1.539897577179e+01
 508   1.539897577179e+01    1.548224831341e+01
 509   1.548224831341e+01    1.556597116525e+01
 510   1.556597116525e+01    1.565014676244e+01
 511   1.565014676244e+01    1.573477755328e+01
 512   1.573477755328e+01    1.581986599929e+01
 513   1.581986599929e+01    1.590541457534e+01
 514   1.590541457534e+01    1.599142576964e+01
 515   1.599142576964e+01    1.607790208389e+01
 516   1.607790208389e+01    1.616484603330e+01
 517   1.616484603330e+01    1.625226014668e+01
 518   1.625226014668e+01    1.634014696653e+01
 519   1.634014696653e+01    1.642850904908e+01
 520   1.642850904908e+01    1.651734896440e+01
 521   1.651734896440e+01    1.660666929644e+01
 522   1.660666929644e+01    1.669647264315e+01
 523   1.669647264315e+01    1.678676161650e+01
 524   1.678676161650e+01    1.687753884260e+01
 525   1.687753884260e+01    1.696880696176e+01
 526   1.696880696176e+01    1.706056862857e+01
 527   1.706056862857e+01    1.715282651196e+01
 528   1.715282651196e+01    1.724558329532e+01
 529   1.724558329532e+01    1.733884167653e+01
 530   1.733884167653e+01    1.743260436805e+01
 531   1.743260436805e+01    1.752687409705e+01
 532   1.752687409705e+01    1.762165360539e+01
 533   1.762165360539e+01    1.771694564981e+01
 534   1.771694564981e+01    1.781275300193e+01
 535   1.781275300193e+01    1.790907844835e+01
 536   1.790907844835e+01    1.800592479077e+01
 537   1.800592479077e+01    1.810329484601e+01
 538   1.810329484601e+01    1.820119144614e+01
 539   1.820119144614e+01    1.829961743853e+01
 540   1.829961743853e+01    1.839857568597e+01
 541   1.839857568597e+01    1.849806906672e+01
 542   1.849806906672e+01    1.859810047459e+01
 543   1.859810047459e+01    1.869867281906e+01
 544   1.869867281906e+01    1.879978902534e+01
 545   1.879978902534e+01    1.890145203444e+01
 546   1.890145203444e+01    1.900366480329e+01
 547   1.900366480329e+01    1.910643030483e+01
 548   1.910643030483e+01    1.920975152802e+01
 549   1.920975152802e+01    1.931363147805e+01
 550   1.931363147805e+01    1.941807317631e+01
 551   1.941807317631e+01    1.952307966055e+01
 552   1.952307966055e+01    1.962865398495e+01
 553   1.962865398495e+01    1.973479922020e+01
 554   1.973479922020e+01    1.984151845360e+01
 555   1.984151845360e+01    1.994881478913e+01
 556   1.994881478913e+01    2.005669134757e+01
 557   2.005669134757e+01    2.016515126657e+01
 558   2.016515126657e+01    2.027419770076e+01
 559   2.027419770076e+01    2.038383382182e+01
 560   2.038383382182e+01    2.049406281857e+01
 561   2.049406281857e+01    2.060488789709e+01
 562   2.060488789709e+01    2.071631228078e+01
 563   2.071631228078e+01    2.082833921051e+01
 564   2.082833921051e+01    2.094097194462e+01
 565   2.094097194462e+01    2.105421375912e+01
 566   2.105421375912e+01    2.116806794771e+01
 567   2.116806794771e+01    2.128253782189e+01
 568   2.128253782189e+01    2.139762671110e+01
 569   2.139762671110e+01    2.151333796276e+01
 570   2.151333796276e+01    2.162967494240e+01
 571   2.162967494240e+01    2.174664103375e+01
 572   2.174664103375e+01    2.186423963884e+01
 573   2.186423963884e+01    2.198247417809e+01
 574   2.198247417809e+01    2.210134809043e+01
 575   2.210134809043e+01    2.222086483336e+01
 576   2.222086483336e+01    2.234102788310e+01
 577   2.234102788310e+01    2.246184073467e+01
 578   2.246184073467e+01    2.258330690197e+01
 579   2.258330690197e+01    2.270542991793e+01
 580   2.270542991793e+01    2.282821333455e+01
 581   2.282821333455e+01    2.295166072308e+01
 582   2.295166072308e+01    2.307577567404e+01
 583   2.307577567404e+01    2.320056179740e+01
 584   2.320056179740e+01    2.332602272262e+01
 585   2.332602272262e+01    2.345216209883e+01
 586   2.345216209883e+01    2.357898359484e+01
 587   2.357898359484e+01    2.370649089934e+01
 588   2.370649089934e+01    2.383468772095e+01
 589   2.383468772095e+01    2.396357778836e+01
 590   2.396357778836e+01    2.409316485040e+01
 591   2.409316485040e+01    2.422345267620e+01
 592   2.422345267620e+01    2.435444505524e+01
 593   2.435444505524e+01    2.448614579752e+01
 594   2.448614579752e+01    2.461855873362e+01
 595   2.461855873362e+01    2.475168771487e+01
 596   2.475168771487e+01    2.488553661339e+01
 597   2.488553661339e+01    2.502010932226e+01
 598   2.502010932226e+01    2.515540975559e+01
 599   2.515540975559e+01    2.529144184869e+01
 600   2.529144184869e+01    2.542820955813e+01
 601   2.542820955813e+01    2.556571686187e+01
 602   2.556571686187e+01    2.570396775939e+01
 603   2.570396775939e+01    2.584296627181e+01
 604   2.584296627181e+01    2.598271644197e+01
 605   2.598271644197e+01    2.612322233459e+01
 606   2.612322233459e+01    2.626448803637e+01
 607   2.626448803637e+01    2.640651765610e+01
 608   2.640651765610e+01    2.654931532480e+01
 609   2.654931532480e+01    2.669288519582e+01
 610   2.669288519582e+01    2.683723144497e+01
 611   2.683723144497e+01    2.698235827064e+01
 612   2.698235827064e+01    2.712826989395e+01
 613   2.712826989395e+01    2.727497055880e+01
 614   2.727497055880e+01    2.742246453208e+01
 615   2.742246453208e+01    2.757075610374e+01
 616   2.757075610374e+01    2.771984958691e+01
 617   2.771984958691e+01    2.786974931807e+01
 618   2.786974931807e+01    2.802045965715e+01
 619   2.802045965715e+01    2.817198498764e+01
 620   2.817198498764e+01    2.832432971674e+01
 621   2.832432971674e+01    2.847749827549e+01
 622   2.847749827549e+01    2.863149511888e+01
 623   2.863149511888e+01    2.878632472601e+01
 624   2.878632472601e+01    2.894199160018e+01
 625   2.894199160018e+01    2.909850026905e+01
 626   2.909850026905e+01    2.925585528478e+01
 627   2.925585528478e+01    2.941406122412e+01
 628   2.941406122412e+01    2.957312268858e+01
 629   2.957312268858e+01    2.973304430456e+01
 630   2.973304430456e+01    2.989383072348e+01
 631   2.989383072348e+01    3.005548662189e+01
 632   3.005548662189e+01    3.021801670167e+01
 633   3.021801670167e+01    3.038142569008e+01
 634   3.038142569008e+01    3.054571833997e+01
 635   3.054571833997e+01    3.071089942990e+01
 636   3.071089942990e+01    3.087697376425e+01
 637   3.087697376425e+01    3.104394617339e+01
 638   3.104394617339e+01    3.121182151380e+01
 639   3.121182151380e+01    3.138060466825e+01
 640   3.138060466825e+01    3.155030054588e+01
 641   3.155030054588e+01    3.172091408241e+01
 642   3.172091408241e+01    3.189245024022e+01
 643   3.189245024022e+01    3.206491400855e+01
 644   3.206491400855e+01    3.223831040360e+01
 645   3.223831040360e+01    3.241264446871e+01
 646   3.241264446871e+01    3.258792127448e+01
 647   3.258792127448e+01    3.276414591896e+01
 648   3.276414591896e+01    3.294132352772e+01
 649   3.294132352772e+01    3.311945925409e+01
 650   3.311945925409e+01    3.329855827925e+01
 651   3.329855827925e+01    3.347862581239e+01
 652   3.347862581239e+01    3.365966709089e+01
 653   3.365966709089e+01    3.384168738044e+01
 654   3.384168738044e+01    3.402469197520e+01
 655   3.402469197520e+01    3.420868619797e+01
 656   3.420868619797e+01    3.439367540033e+01
 657   3.439367540033e+01    3.457966496279e+01
 658   3.457966496279e+01    3.476666029498e+01
 659   3.476666029498e+01    3.495466683576e+01
 660   3.495466683576e+01    3.514369005341e+01
 661   3.514369005341e+01    3.533373544577e+01
 662   3.533373544577e+01    3.552480854044e+01
 663   3.552480854044e+01    3.571691489489e+01
 664   3.571691489489e+01    3.591006009663e+01
 665   3.591006009663e+01    3.610424976342e+01
 666   3.610424976342e+01    3.629948954336e+01
 667   3.629948954336e+01    3.649578511513e+01
 668   3.649578511513e+01    3.669314218809e+01
 669   3.669314218809e+01    3.689156650249e+01
 670   3.689156650249e+01    3.709106382962e+01
 671   3.709106382962e+01    3.729163997197e+01
 672   3.729163997197e+01    3.749330076342e+01
 673   3.749330076342e+01    3.769605206938e+01
 674   3.769605206938e+01    3.789989978701e+01
 675   3.789989978701e+01    3.810484984532e+01
 676   3.810484984532e+01    3.831090820541e+01
 677   3.831090820541e+01    3.851808086061e+01
 678   3.851808086061e+01    3.872637383666e+01
 679   3.872637383666e+01    3.893579319187e+01
 680   3.893579319187e+01    3.914634501734e+01
 681   3.914634501734e+01    3.935803543708e+01
 682   3.935803543708e+01    3.957087060823e+01
 683   3.957087060823e+01    3.978485672123e+01
 684   3.978485672123e+01    4.000000000000e+01
584 
 1   0.000000000000e+00    1.075887895065e-02
 2   1.075887895065e-02    2.151775790130e-02
 3   2.151775790130e-02    3.227663685195e-02
 4   3.227663685195e-02    4.303551580260e-02
 5   4.303551580260e-02    5.379439475325e-02
 6   5.379439475325e-02    6.455327370390e-02
 7   6.455327370390e-02    7.531215265455e-02
 8   7.531215265455e-02    8.607103160520e-02
 9   8.607103160520e-02    9.682991055585e-02
 10   9.682991055585e-02    1.075887895065e-01
 11   1.075887895065e-01    1.183476684571e-01
 12   1.183476684571e-01    1.291065474078e-01
 13   1.291065474078e-01    1.398654263584e-01
 14   1.398654263584e-01    1.506243053091e-01
 15   1.506243053091e-01    1.613831842597e-01
 16   1.613831842597e-01    1.721420632104e-01
 17   1.721420632104e-01    1.829009421610e-01
 18   1.829009421610e-01    1.936598211117e-01
 19   1.936598211117e-01    2.044187000623e-01
 20   2.044187000623e-01    2.151775790130e-01
 21   2.151775790130e-01    2.259364579636e-01
 22   2.259364579636e-01    2.366953369143e-01
 23   2.366953369143e-01    2.474542158649e-01
 24   2.474542158649e-01    2.582130948156e-01
 25   2.582130948156e-01    2.689719737662e-01
 26   2.689719737662e-01    2.797308527169e-01
 27   2.797308527169e-01    2.904897316675e-01
 28   2.904897316675e-01    3.012486106182e-01
 29   3.012486106182e-01    3.120074895688e-01
 30   3.120074895688e-01    3.227663685195e-01
 31   3.227663685195e-01    3.335252474701e-01
 32   3.335252474701e-01    3.442841264208e-01
 33   3.442841264208e-01    3.550430053714e-01
 34   3.550430053714e-01    3.658018843221e-01
 35   3.658018843221e-01    3.765607632727e-01
 36   3.765607632727e-01    3.873196422234e-01
 37   3.873196422234e-01    3.980785211740e-01
 38   3.980785211740e-01    4.088374001247e-01
 39   4.088374001247e-01    4.195962790753e-01
 40   4.195962790753e-01    4.303551580260e-01
 41   4.303551580260e-01    4.411140369766e-01
 42   4.411140369766e-01    4.518729159273e-01
 43   4.518729159273e-01    4.626317948779e-01
 44   4.626317948779e-01    4.733906738286e-01
 45   4.733906738286e-01    4.841495527792e-01
 46   4.841495527792e-01    4.949084317299e-01
 47   4.949084317299e-01    5.056673106805e-01
 48   5.056673106805e-01    5.164261896312e-01
 49   5.164261896312e-01    5.271850685818e-01
 50   5.271850685818e-01    5.379439475325e-01
 51   5.379439475325e-01    5.487028264831e-01
 52   5.487028264831e-01    5.594617054338e-01
 53   5.594617054338e-01    5.702205843844e-01
 54   5.702205843844e-01    5.809794633351e-01
 55   5.809794633351e-01    5.917383422857e-01
 56   5.917383422857e-01    6.024972212364e-01
 57   6.024972212364e-01    6.132561001870e-01
 58   6.132561001870e-01    6.240149791377e-01
 59   6.240149791377e-01    6.347738580883e-01
 60   6.347738580883e-01    6.455327370390e-01
 61   6.455327370390e-01    6.562916159896e-01
 62   6.562916159896e-01    6.670504949403e-01
 63   6.670504949403e-01    6.778093738909e-01
 64   6.778093738909e-01    6.885682528416e-01
 65   6.885682528416e-01    6.993271317922e-01
 66   6.993271317922e-01    7.100860107429e-01
 67   7.100860107429e-01    7.208448896935e-01
 68   7.208448896935e-01    7.316037686442e-01
 69   7.316037686442e-01    7.423626475948e-01
 70   7.423626475948e-01    7.531215265455e-01
 71   7.531215265455e-01    7.638804054961e-01
 72   7.638804054961e-01    7.746392844468e-01
 73   7.746392844468e-01    7.853981633974e-01
 74   7.853981633974e-01    7.961570423481e-01
 75   7.961570423481e-01    8.069159212987e-01
 76   8.069159212987e-01    8.176748002494e-01
 77   8.176748002494e-01    8.284336792000e-01
 78   8.284336792000e-01    8.391925581507e-01
 79   8.391925581507e-01    8.499514371013e-01
 80   8.499514371013e-01    8.607103160520e-01
 81   8.607103160520e-01    8.714691950026e-01
 82   8.714691950026e-01    8.822280739533e-01
 83   8.822280739533e-01    8.929869529039e-01
 84   8.929869529039e-01    9.037458318546e-01
 85   9.037458318546e-01    9.145047108052e-01
 86   9.145047108052e-01    9.252635897559e-01
 87   9.252635897559e-01    9.360224687065e-01
 88   9.360224687065e-01    9.467813476572e-01
 89   9.467813476572e-01    9.575402266078e-01
 90   9.575402266078e-01    9.682991055585e-01
 91   9.682991055585e-01    9.790579845091e-01
 92   9.790579845091e-01    9.898168634598e-01
 93   9.898168634598e-01    1.000575742410e+00
 94   1.000575742410e+00    1.011334621361e+00
 95   1.011334621361e+00    1.022093500312e+00
 96   1.022093500312e+00    1.032852379262e+00
 97   1.032852379262e+00    1.043611258213e+00
 98   1.043611258213e+00    1.054370137164e+00
 99   1.054370137164e+00    1.065129016114e+00
 100   1.065129016114e+00    1.075887895065e+00
 101   1.075887895065e+00    1.086646774016e+00
 102   1.086646774016e+00    1.097405652966e+00
 103   1.097405652966e+00    1.108164531917e+00
 104   1.108164531917e+00    1.118923410868e+00
 105   1.118923410868e+00    1.129682289818e+00
 106   1.129682289818e+00    1.140441168769e+00
 107   1.140441168769e+00    1.151200047720e+00
 108   1.151200047720e+00    1.161958926670e+00
 109   1.161958926670e+00    1.172717805621e+00
 110   1.172717805621e+00    1.183476684571e+00
 111   1.183476684571e+00    1.194235563522e+00
 112   1.194235563522e+00    1.204994442473e+00
 113   1.204994442473e+00    1.215753321423e+00
 114   1.215753321423e+00    1.226512200374e+00
 115   1.226512200374e+00    1.237271079325e+00
 116   1.237271079325e+00    1.248029958275e+00
 117   1.248029958275e+00    1.258788837226e+00
 118   1.258788837226e+00    1.269547716177e+00
 119   1.269547716177e+00    1.280306595127e+00
 120   1.280306595127e+00    1.291065474078e+00
 121   1.291065474078e+00    1.301824353029e+00
 122   1.301824353029e+00    1.312583231979e+00
 123   1.312583231979e+00    1.323342110930e+00
 124   1.323342110930e+00    1.334100989881e+00
 125   1.334100989881e+00    1.344859868831e+00
 126   1.344859868831e+00    1.355618747782e+00
 127   1.355618747782e+00    1.366377626733e+00
 128   1.366377626733e+00    1.377136505683e+00
 129   1.377136505683e+00    1.387895384634e+00
 130   1.387895384634e+00    1.398654263584e+00
 131   1.398654263584e+00    1.409413142535e+00
 132   1.409413142535e+00    1.420172021486e+00
 133   1.420172021486e+00    1.430930900436e+00
 134   1.430930900436e+00    1.441689779387e+00
 135   1.441689779387e+00    1.452448658338e+00
 136   1.452448658338e+00    1.463207537288e+00
 137   1.463207537288e+00    1.473966416239e+00
 138   1.473966416239e+00    1.484725295190e+00
 139   1.484725295190e+00    1.495484174140e+00
 140   1.495484174140e+00    1.506243053091e+00
 141   1.506243053091e+00    1.517001932042e+00
 142   1.517001932042e+00    1.527760810992e+00
 143   1.527760810992e+00    1.538519689943e+00
 144   1.538519689943e+00    1.549278568894e+00
 145   1.549278568894e+00    1.560037447844e+00
 146   1.560037447844e+00    1.570796326795e+00
 147   1.570796326795e+00    1.581555205746e+00
 148   1.581555205746e+00    1.592314084696e+00
 149   1.592314084696e+00    1.603072963647e+00
 150   1.603072963647e+00    1.613831842597e+00
 151   1.613831842597e+00    1.624590721548e+00
 152   1.624590721548e+00    1.635349600499e+00
 153   1.635349600499e+00    1.646108479449e+00
 154   1.646108479449e+00    1.656867358400e+00
 155   1.656867358400e+00    1.667626237351e+00
 156   1.667626237351e+00    1.678385116301e+00
 157   1.678385116301e+00    1.689143995252e+00
 158   1.689143995252e+00    1.699902874203e+00
 159   1.699902874203e+00    1.710661753153e+00
 160   1.710661753153e+00    1.721420632104e+00
 161   1.721420632104e+00    1.732179511055e+00
 162   1.732179511055e+00    1.742938390005e+00
 163   1.742938390005e+00    1.753697268956e+00
 164   1.753697268956e+00    1.764456147907e+00
 165   1.764456147907e+00    1.775215026857e+00
 166   1.775215026857e+00    1.785973905808e+00
 167   1.785973905808e+00    1.796732784759e+00
 168   1.796732784759e+00    1.807491663709e+00
 169   1.807491663709e+00    1.818250542660e+00
 170   1.818250542660e+00    1.829009421610e+00
 171   1.829009421610e+00    1.839768300561e+00
 172   1.839768300561e+00    1.850527179512e+00
 173   1.850527179512e+00    1.861286058462e+00
 174   1.861286058462e+00    1.872044937413e+00
 175   1.872044937413e+00    1.882803816364e+00
 176   1.882803816364e+00    1.893562695314e+00
 177   1.893562695314e+00    1.904321574265e+00
 178   1.904321574265e+00    1.915080453216e+00
 179   1.915080453216e+00    1.925839332166e+00
 180   1.925839332166e+00    1.936598211117e+00
 181   1.936598211117e+00    1.947357090068e+00
 182   1.947357090068e+00    1.958115969018e+00
 183   1.958115969018e+00    1.968874847969e+00
 184   1.968874847969e+00    1.979633726920e+00
 185   1.979633726920e+00    1.990392605870e+00
 186   1.990392605870e+00    2.001151484821e+00
 187   2.001151484821e+00    2.011910363772e+00
 188   2.011910363772e+00    2.022669242722e+00
 189   2.022669242722e+00    2.033428121673e+00
 190   2.033428121673e+00    2.044187000623e+00
 191   2.044187000623e+00    2.054945879574e+00
 192   2.054945879574e+00    2.065704758525e+00
 193   2.065704758525e+00    2.076463637475e+00
 194   2.076463637475e+00    2.087222516426e+00
 195   2.087222516426e+00    2.097981395377e+00
 196   2.097981395377e+00    2.108740274327e+00
 197   2.108740274327e+00    2.119499153278e+00
 198   2.119499153278e+00    2.130258032229e+00
 199   2.130258032229e+00    2.141016911179e+00
 200   2.141016911179e+00    2.151775790130e+00
 201   2.151775790130e+00    2.162534669081e+00
 202   2.162534669081e+00    2.173293548031e+00
 203   2.173293548031e+00    2.184052426982e+00
 204   2.184052426982e+00    2.194811305933e+00
 205   2.194811305933e+00    2.205570184883e+00
 206   2.205570184883e+00    2.216329063834e+00
 207   2.216329063834e+00    2.227087942785e+00
 208   2.227087942785e+00    2.237846821735e+00
 209   2.237846821735e+00    2.248605700686e+00
 210   2.248605700686e+00    2.259364579636e+00
 211   2.259364579636e+00    2.270123458587e+00
 212   2.270123458587e+00    2.280882337538e+00
 213   2.280882337538e+00    2.291641216488e+00
 214   2.291641216488e+00    2.302400095439e+00
 215   2.302400095439e+00    2.313158974390e+00
 216   2.313158974390e+00    2.323917853340e+00
 217   2.323917853340e+00    2.334676732291e+00
 218   2.334676732291e+00    2.345435611242e+00
 219   2.345435611242e+00    2.356194490192e+00
 220   2.356194490192e+00    2.366953369143e+00
 221   2.366953369143e+00    2.377712248094e+00
 222   2.377712248094e+00    2.388471127044e+00
 223   2.388471127044e+00    2.399230005995e+00
 224   2.399230005995e+00    2.409988884946e+00
 225   2.409988884946e+00    2.420747763896e+00
 226   2.420747763896e+00    2.431506642847e+00
 227   2.431506642847e+00    2.442265521798e+00
 228   2.442265521798e+00    2.453024400748e+00
 229   2.453024400748e+00    2.463783279699e+00
 230   2.463783279699e+00    2.474542158649e+00
 231   2.474542158649e+00    2.485301037600e+00
 232   2.485301037600e+00    2.496059916551e+00
 233   2.496059916551e+00    2.506818795501e+00
 234   2.506818795501e+00    2.517577674452e+00
 235   2.517577674452e+00    2.528336553403e+00
 236   2.528336553403e+00    2.539095432353e+00
 237   2.539095432353e+00    2.549854311304e+00
 238   2.549854311304e+00    2.560613190255e+00
 239   2.560613190255e+00    2.571372069205e+00
 240   2.571372069205e+00    2.582130948156e+00
 241   2.582130948156e+00    2.592889827107e+00
 242   2.592889827107e+00    2.603648706057e+00
 243   2.603648706057e+00    2.614407585008e+00
 244   2.614407585008e+00    2.625166463959e+00
 245   2.625166463959e+00    2.635925342909e+00
 246   2.635925342909e+00    2.646684221860e+00
 247   2.646684221860e+00    2.657443100811e+00
 248   2.657443100811e+00    2.668201979761e+00
 249   2.668201979761e+00    2.678960858712e+00
 250   2.678960858712e+00    2.689719737662e+00
 251   2.689719737662e+00    2.700478616613e+00
 252   2.700478616613e+00    2.711237495564e+00
 253   2.711237495564e+00    2.721996374514e+00
 254   2.721996374514e+00    2.732755253465e+00
 255   2.732755253465e+00    2.743514132416e+00
 256   2.743514132416e+00    2.754273011366e+00
 257   2.754273011366e+00    2.765031890317e+00
 258   2.765031890317e+00    2.775790769268e+00
 259   2.775790769268e+00    2.786549648218e+00
 260   2.786549648218e+00    2.797308527169e+00
 261   2.797308527169e+00    2.808067406120e+00
 262   2.808067406120e+00    2.818826285070e+00
 263   2.818826285070e+00    2.829585164021e+00
 264   2.829585164021e+00    2.840344042972e+00
 265   2.840344042972e+00    2.851102921922e+00
 266   2.851102921922e+00    2.861861800873e+00
 267   2.861861800873e+00    2.872620679824e+00
 268   2.872620679824e+00    2.883379558774e+00
 269   2.883379558774e+00    2.894138437725e+00
 270   2.894138437725e+00    2.904897316675e+00
 271   2.904897316675e+00    2.915656195626e+00
 272   2.915656195626e+00    2.926415074577e+00
 273   2.926415074577e+00    2.937173953527e+00
 274   2.937173953527e+00    2.947932832478e+00
 275   2.947932832478e+00    2.958691711429e+00
 276   2.958691711429e+00    2.969450590379e+00
 277   2.969450590379e+00    2.980209469330e+00
 278   2.980209469330e+00    2.990968348281e+00
 279   2.990968348281e+00    3.001727227231e+00
 280   3.001727227231e+00    3.012486106182e+00
 281   3.012486106182e+00    3.023244985133e+00
 282   3.023244985133e+00    3.034003864083e+00
 283   3.034003864083e+00    3.044762743034e+00
 284   3.044762743034e+00    3.055521621985e+00
 285   3.055521621985e+00    3.066280500935e+00
 286   3.066280500935e+00    3.077039379886e+00
 287   3.077039379886e+00    3.087798258837e+00
 288   3.087798258837e+00    3.098557137787e+00
 289   3.098557137787e+00    3.109316016738e+00
 290   3.109316016738e+00    3.120074895688e+00
 291   3.120074895688e+00    3.130833774639e+00
 292   3.130833774639e+00    3.141592653590e+00
 293   3.141592653590e+00    3.152351532540e+00
 294   3.152351532540e+00    3.163110411491e+00
 295   3.163110411491e+00    3.173869290442e+00
 296   3.173869290442e+00    3.184628169392e+00
 297   3.184628169392e+00    3.195387048343e+00
 298   3.195387048343e+00    3.206145927294e+00
 299   3.206145927294e+00    3.216904806244e+00
 300   3.216904806244e+00    3.227663685195e+00
 301   3.227663685195e+00    3.238422564146e+00
 302   3.238422564146e+00    3.249181443096e+00
 303   3.249181443096e+00    3.259940322047e+00
 304   3.259940322047e+00    3.270699200998e+00
 305   3.270699200998e+00    3.281458079948e+00
 306   3.281458079948e+00    3.292216958899e+00
 307   3.292216958899e+00    3.302975837850e+00
 308   3.302975837850e+00    3.313734716800e+00
 309   3.313734716800e+00    3.324493595751e+00
 310   3.324493595751e+00    3.335252474701e+00
 311   3.335252474701e+00    3.346011353652e+00
 312   3.346011353652e+00    3.356770232603e+00
 313   3.356770232603e+00    3.367529111553e+00
 314   3.367529111553e+00    3.378287990504e+00
 315   3.378287990504e+00    3.389046869455e+00
 316   3.389046869455e+00    3.399805748405e+00
 317   3.399805748405e+00    3.410564627356e+00
 318   3.410564627356e+00    3.421323506307e+00
 319   3.421323506307e+00    3.432082385257e+00
 320   3.432082385257e+00    3.442841264208e+00
 321   3.442841264208e+00    3.453600143159e+00
 322   3.453600143159e+00    3.464359022109e+00
 323   3.464359022109e+00    3.475117901060e+00
 324   3.475117901060e+00    3.485876780011e+00
 325   3.485876780011e+00    3.496635658961e+00
 326   3.496635658961e+00    3.507394537912e+00
 327   3.507394537912e+00    3.518153416863e+00
 328   3.518153416863e+00    3.528912295813e+00
 329   3.528912295813e+00    3.539671174764e+00
 330   3.539671174764e+00    3.550430053714e+00
 331   3.550430053714e+00    3.561188932665e+00
 332   3.561188932665e+00    3.571947811616e+00
 333   3.571947811616e+00    3.582706690566e+00
 334   3.582706690566e+00    3.593465569517e+00
 335   3.593465569517e+00    3.604224448468e+00
 336   3.604224448468e+00    3.614983327418e+00
 337   3.614983327418e+00    3.625742206369e+00
 338   3.625742206369e+00    3.636501085320e+00
 339   3.636501085320e+00    3.647259964270e+00
 340   3.647259964270e+00    3.658018843221e+00
 341   3.658018843221e+00    3.668777722172e+00
 342   3.668777722172e+00    3.679536601122e+00
 343   3.679536601122e+00    3.690295480073e+00
 344   3.690295480073e+00    3.701054359024e+00
 345   3.701054359024e+00    3.711813237974e+00
 346   3.711813237974e+00    3.722572116925e+00
 347   3.722572116925e+00    3.733330995876e+00
 348   3.733330995876e+00    3.744089874826e+00
 349   3.744089874826e+00    3.754848753777e+00
 350   3.754848753777e+00    3.765607632727e+00
 351   3.765607632727e+00    3.776366511678e+00
 352   3.776366511678e+00    3.787125390629e+00
 353   3.787125390629e+00    3.797884269579e+00
 354   3.797884269579e+00    3.808643148530e+00
 355   3.808643148530e+00    3.819402027481e+00
 356   3.819402027481e+00    3.830160906431e+00
 357   3.830160906431e+00    3.840919785382e+00
 358   3.840919785382e+00    3.851678664333e+00
 359   3.851678664333e+00    3.862437543283e+00
 360   3.862437543283e+00    3.873196422234e+00
 361   3.873196422234e+00    3.883955301185e+00
 362   3.883955301185e+00    3.894714180135e+00
 363   3.894714180135e+00    3.905473059086e+00
 364   3.905473059086e+00    3.916231938037e+00
 365   3.916231938037e+00    3.926990816987e+00
 366   3.926990816987e+00    3.937749695938e+00
 367   3.937749695938e+00    3.948508574889e+00
 368   3.948508574889e+00    3.959267453839e+00
 369   3.959267453839e+00    3.970026332790e+00
 370   3.970026332790e+00    3.980785211740e+00
 371   3.980785211740e+00    3.991544090691e+00
 372   3.991544090691e+00    4.002302969642e+00
 373   4.002302969642e+00    4.013061848592e+00
 374   4.013061848592e+00    4.023820727543e+00
 375   4.023820727543e+00    4.034579606494e+00
 376   4.034579606494e+00    4.045338485444e+00
 377   4.045338485444e+00    4.056097364395e+00
 378   4.056097364395e+00    4.066856243346e+00
 379   4.066856243346e+00    4.077615122296e+00
 380   4.077615122296e+00    4.088374001247e+00
 381   4.088374001247e+00    4.099132880198e+00
 382   4.099132880198e+00    4.109891759148e+00
 383   4.109891759148e+00    4.120650638099e+00
 384   4.120650638099e+00    4.131409517050e+00
 385   4.131409517050e+00    4.142168396000e+00
 386   4.142168396000e+00    4.152927274951e+00
 387   4.152927274951e+00    4.163686153902e+00
 388   4.163686153902e+00    4.174445032852e+00
 389   4.174445032852e+00    4.185203911803e+00
 390   4.185203911803e+00    4.195962790753e+00
 391   4.195962790753e+00    4.206721669704e+00
 392   4.206721669704e+00    4.217480548655e+00
 393   4.217480548655e+00    4.228239427605e+00
 394   4.228239427605e+00    4.238998306556e+00
 395   4.238998306556e+00    4.249757185507e+00
 396   4.249757185507e+00    4.260516064457e+00
 397   4.260516064457e+00    4.271274943408e+00
 398   4.271274943408e+00    4.282033822359e+00
 399   4.282033822359e+00    4.292792701309e+00
 400   4.292792701309e+00    4.303551580260e+00
 401   4.303551580260e+00    4.314310459211e+00
 402   4.314310459211e+00    4.325069338161e+00
 403   4.325069338161e+00    4.335828217112e+00
 404   4.335828217112e+00    4.346587096063e+00
 405   4.346587096063e+00    4.357345975013e+00
 406   4.357345975013e+00    4.368104853964e+00
 407   4.368104853964e+00    4.378863732915e+00
 408   4.378863732915e+00    4.389622611865e+00
 409   4.389622611865e+00    4.400381490816e+00
 410   4.400381490816e+00    4.411140369766e+00
 411   4.411140369766e+00    4.421899248717e+00
 412   4.421899248717e+00    4.432658127668e+00
 413   4.432658127668e+00    4.443417006618e+00
 414   4.443417006618e+00    4.454175885569e+00
 415   4.454175885569e+00    4.464934764520e+00
 416   4.464934764520e+00    4.475693643470e+00
 417   4.475693643470e+00    4.486452522421e+00
 418   4.486452522421e+00    4.497211401372e+00
 419   4.497211401372e+00    4.507970280322e+00
 420   4.507970280322e+00    4.518729159273e+00
 421   4.518729159273e+00    4.529488038224e+00
 422   4.529488038224e+00    4.540246917174e+00
 423   4.540246917174e+00    4.551005796125e+00
 424   4.551005796125e+00    4.561764675076e+00
 425   4.561764675076e+00    4.572523554026e+00
 426   4.572523554026e+00    4.583282432977e+00
 427   4.583282432977e+00    4.594041311928e+00
 428   4.594041311928e+00    4.604800190878e+00
 429   4.604800190878e+00    4.615559069829e+00
 430   4.615559069829e+00    4.626317948779e+00
 431   4.626317948779e+00    4.637076827730e+00
 432   4.637076827730e+00    4.647835706681e+00
 433   4.647835706681e+00    4.658594585631e+00
 434   4.658594585631e+00    4.669353464582e+00
 435   4.669353464582e+00    4.680112343533e+00
 436   4.680112343533e+00    4.690871222483e+00
 437   4.690871222483e+00    4.701630101434e+00
 438   4.701630101434e+00    4.712388980385e+00
 439   4.712388980385e+00    4.723147859335e+00
 440   4.723147859335e+00    4.733906738286e+00
 441   4.733906738286e+00    4.744665617237e+00
 442   4.744665617237e+00    4.755424496187e+00
 443   4.755424496187e+00    4.766183375138e+00
 444   4.766183375138e+00    4.776942254089e+00
 445   4.776942254089e+00    4.787701133039e+00
 446   4.787701133039e+00    4.798460011990e+00
 447   4.798460011990e+00    4.809218890941e+00
 448   4.809218890941e+00    4.819977769891e+00
 449   4.819977769891e+00    4.830736648842e+00
 450   4.830736648842e+00    4.841495527792e+00
 451   4.841495527792e+00    4.852254406743e+00
 452   4.852254406743e+00    4.863013285694e+00
 453   4.863013285694e+00    4.873772164644e+00
 454   4.873772164644e+00    4.884531043595e+00
 455   4.884531043595e+00    4.895289922546e+00
 456   4.895289922546e+00    4.906048801496e+00
 457   4.906048801496e+00    4.916807680447e+00
 458   4.916807680447e+00    4.927566559398e+00
 459   4.927566559398e+00    4.938325438348e+00
 460   4.938325438348e+00    4.949084317299e+00
 461   4.949084317299e+00    4.959843196250e+00
 462   4.959843196250e+00    4.970602075200e+00
 463   4.970602075200e+00    4.981360954151e+00
 464   4.981360954151e+00    4.992119833102e+00
 465   4.992119833102e+00    5.002878712052e+00
 466   5.002878712052e+00    5.013637591003e+00
 467   5.013637591003e+00    5.024396469954e+00
 468   5.024396469954e+00    5.035155348904e+00
 469   5.035155348904e+00    5.045914227855e+00
 470   5.045914227855e+00    5.056673106805e+00
 471   5.056673106805e+00    5.067431985756e+00
 472   5.067431985756e+00    5.078190864707e+00
 473   5.078190864707e+00    5.088949743657e+00
 474   5.088949743657e+00    5.099708622608e+00
 475   5.099708622608e+00    5.110467501559e+00
 476   5.110467501559e+00    5.121226380509e+00
 477   5.121226380509e+00    5.131985259460e+00
 478   5.131985259460e+00    5.142744138411e+00
 479   5.142744138411e+00    5.153503017361e+00
 480   5.153503017361e+00    5.164261896312e+00
 481   5.164261896312e+00    5.175020775263e+00
 482   5.175020775263e+00    5.185779654213e+00
 483   5.185779654213e+00    5.196538533164e+00
 484   5.196538533164e+00    5.207297412115e+00
 485   5.207297412115e+00    5.218056291065e+00
 486   5.218056291065e+00    5.228815170016e+00
 487   5.228815170016e+00    5.239574048967e+00
 488   5.239574048967e+00    5.250332927917e+00
 489   5.250332927917e+00    5.261091806868e+00
 490   5.261091806868e+00    5.271850685818e+00
 491   5.271850685818e+00    5.282609564769e+00
 492   5.282609564769e+00    5.293368443720e+00
 493   5.293368443720e+00    5.304127322670e+00
 494   5.304127322670e+00    5.314886201621e+00
 495   5.314886201621e+00    5.325645080572e+00
 496   5.325645080572e+00    5.336403959522e+00
 497   5.336403959522e+00    5.347162838473e+00
 498   5.347162838473e+00    5.357921717424e+00
 499   5.357921717424e+00    5.368680596374e+00
 500   5.368680596374e+00    5.379439475325e+00
 501   5.379439475325e+00    5.390198354276e+00
 502   5.390198354276e+00    5.400957233226e+00
 503   5.400957233226e+00    5.411716112177e+00
 504   5.411716112177e+00    5.422474991128e+00
 505   5.422474991128e+00    5.433233870078e+00
 506   5.433233870078e+00    5.443992749029e+00
 507   5.443992749029e+00    5.454751627980e+00
 508   5.454751627980e+00    5.465510506930e+00
 509   5.465510506930e+00    5.476269385881e+00
 510   5.476269385881e+00    5.487028264831e+00
 511   5.487028264831e+00    5.497787143782e+00
 512   5.497787143782e+00    5.508546022733e+00
 513   5.508546022733e+00    5.519304901683e+00
 514   5.519304901683e+00    5.530063780634e+00
 515   5.530063780634e+00    5.540822659585e+00
 516   5.540822659585e+00    5.551581538535e+00
 517   5.551581538535e+00    5.562340417486e+00
 518   5.562340417486e+00    5.573099296437e+00
 519   5.573099296437e+00    5.583858175387e+00
 520   5.583858175387e+00    5.594617054338e+00
 521   5.594617054338e+00    5.605375933289e+00
 522   5.605375933289e+00    5.616134812239e+00
 523   5.616134812239e+00    5.626893691190e+00
 524   5.626893691190e+00    5.637652570141e+00
 525   5.637652570141e+00    5.648411449091e+00
 526   5.648411449091e+00    5.659170328042e+00
 527   5.659170328042e+00    5.669929206993e+00
 528   5.669929206993e+00    5.680688085943e+00
 529   5.680688085943e+00    5.691446964894e+00
 530   5.691446964894e+00    5.702205843844e+00
 531   5.702205843844e+00    5.712964722795e+00
 532   5.712964722795e+00    5.723723601746e+00
 533   5.723723601746e+00    5.734482480696e+00
 534   5.734482480696e+00    5.745241359647e+00
 535   5.745241359647e+00    5.756000238598e+00
 536   5.756000238598e+00    5.766759117548e+00
 537   5.766759117548e+00    5.777517996499e+00
 538   5.777517996499e+00    5.788276875450e+00
 539   5.788276875450e+00    5.799035754400e+00
 540   5.799035754400e+00    5.809794633351e+00
 541   5.809794633351e+00    5.820553512302e+00
 542   5.820553512302e+00    5.831312391252e+00
 543   5.831312391252e+00    5.842071270203e+00
 544   5.842071270203e+00    5.852830149154e+00
 545   5.852830149154e+00    5.863589028104e+00
 546   5.863589028104e+00    5.874347907055e+00
 547   5.874347907055e+00    5.885106786006e+00
 548   5.885106786006e+00    5.895865664956e+00
 549   5.895865664956e+00    5.906624543907e+00
 550   5.906624543907e+00    5.917383422857e+00
 551   5.917383422857e+00    5.928142301808e+00
 552   5.928142301808e+00    5.938901180759e+00
 553   5.938901180759e+00    5.949660059709e+00
 554   5.949660059709e+00    5.960418938660e+00
 555   5.960418938660e+00    5.971177817611e+00
 556   5.971177817611e+00    5.981936696561e+00
 557   5.981936696561e+00    5.992695575512e+00
 558   5.992695575512e+00    6.003454454463e+00
 559   6.003454454463e+00    6.014213333413e+00
 560   6.014213333413e+00    6.024972212364e+00
 561   6.024972212364e+00    6.035731091315e+00
 562   6.035731091315e+00    6.046489970265e+00
 563   6.046489970265e+00    6.057248849216e+00
 564   6.057248849216e+00    6.068007728167e+00
 565   6.068007728167e+00    6.078766607117e+00
 566   6.078766607117e+00    6.089525486068e+00
 567   6.089525486068e+00    6.100284365019e+00
 568   6.100284365019e+00    6.111043243969e+00
 569   6.111043243969e+00    6.121802122920e+00
 570   6.121802122920e+00    6.132561001870e+00
 571   6.132561001870e+00    6.143319880821e+00
 572   6.143319880821e+00    6.154078759772e+00
 573   6.154078759772e+00    6.164837638722e+00
 574   6.164837638722e+00    6.175596517673e+00
 575   6.175596517673e+00    6.186355396624e+00
 576   6.186355396624e+00    6.197114275574e+00
 577   6.197114275574e+00    6.207873154525e+00
 578   6.207873154525e+00    6.218632033476e+00
 579   6.218632033476e+00    6.229390912426e+00
 580   6.229390912426e+00    6.240149791377e+00
 581   6.240149791377e+00    6.250908670328e+00
 582   6.250908670328e+00    6.261667549278e+00
 583   6.261667549278e+00    6.272426428229e+00
 584   6.272426428229e+00    6.283185307180e+00
1 
 1   0.000000000000e+00    1.000000000000e+00
