mpicc -c -std=c99 -O2 -DGIT_COMMIT='"1e7b377bdc46f66ba5f5796c923c31e83e4cdb9f"' -I/home-link/pecap01/Programs/pluto/Src/Parallel -DPARALLEL -DUSE_CUDA -I. -I/home-link/pecap01/Programs/pluto/Src -I/opt/bwhpc/common/devel/cuda/10.0/include -I/home-link/pecap01/Programs/pluto/Src/HD -I/home-link/pecap01/Programs/pluto/Src/EOS/Isothermal /home-link/pecap01/Programs/pluto/Src/adv_flux.c
mpicc -c -std=c99 -O2 -DGIT_COMMIT='"1e7b377bdc46f66ba5f5796c923c31e83e4cdb9f"' -I/home-link/pecap01/Programs/pluto/Src/Parallel -DPARALLEL -DUSE_CUDA -I. -I/home-link/pecap01/Programs/pluto/Src -I/opt/bwhpc/common/devel/cuda/10.0/include -I/home-link/pecap01/Programs/pluto/Src/HD -I/home-link/pecap01/Programs/pluto/Src/EOS/Isothermal /home-link/pecap01/Programs/pluto/Src/arrays.c
mpicc -c -std=c99 -O2 -DGIT_COMMIT='"1e7b377bdc46f66ba5f5796c923c31e83e4cdb9f"' -I/home-link/pecap01/Programs/pluto/Src/Parallel -DPARALLEL -DUSE_CUDA -I. -I/home-link/pecap01/Programs/pluto/Src -I/opt/bwhpc/common/devel/cuda/10.0/include -I/home-link/pecap01/Programs/pluto/Src/HD -I/home-link/pecap01/Programs/pluto/Src/EOS/Isothermal /home-link/pecap01/Programs/pluto/Src/boundary.c
mpicc -c -std=c99 -O2 -DGIT_COMMIT='"1e7b377bdc46f66ba5f5796c923c31e83e4cdb9f"' -I/home-link/pecap01/Programs/pluto/Src/Parallel -DPARALLEL -DUSE_CUDA -I. -I/home-link/pecap01/Programs/pluto/Src -I/opt/bwhpc/common/devel/cuda/10.0/include -I/home-link/pecap01/Programs/pluto/Src/HD -I/home-link/pecap01/Programs/pluto/Src/EOS/Isothermal /home-link/pecap01/Programs/pluto/Src/check_states.c
mpicc -c -std=c99 -O2 -DGIT_COMMIT='"1e7b377bdc46f66ba5f5796c923c31e83e4cdb9f"' -I/home-link/pecap01/Programs/pluto/Src/Parallel -DPARALLEL -DUSE_CUDA -I. -I/home-link/pecap01/Programs/pluto/Src -I/opt/bwhpc/common/devel/cuda/10.0/include -I/home-link/pecap01/Programs/pluto/Src/HD -I/home-link/pecap01/Programs/pluto/Src/EOS/Isothermal /home-link/pecap01/Programs/pluto/Src/cmd_line_opt.c
mpicc -c -std=c99 -O2 -DGIT_COMMIT='"1e7b377bdc46f66ba5f5796c923c31e83e4cdb9f"' -I/home-link/pecap01/Programs/pluto/Src/Parallel -DPARALLEL -DUSE_CUDA -I. -I/home-link/pecap01/Programs/pluto/Src -I/opt/bwhpc/common/devel/cuda/10.0/include -I/home-link/pecap01/Programs/pluto/Src/HD -I/home-link/pecap01/Programs/pluto/Src/EOS/Isothermal /home-link/pecap01/Programs/pluto/Src/entropy_switch.c
mpicc -c -std=c99 -O2 -DGIT_COMMIT='"1e7b377bdc46f66ba5f5796c923c31e83e4cdb9f"' -I/home-link/pecap01/Programs/pluto/Src/Parallel -DPARALLEL -DUSE_CUDA -I. -I/home-link/pecap01/Programs/pluto/Src -I/opt/bwhpc/common/devel/cuda/10.0/include -I/home-link/pecap01/Programs/pluto/Src/HD -I/home-link/pecap01/Programs/pluto/Src/EOS/Isothermal /home-link/pecap01/Programs/pluto/Src/flag_shock.c
mpicc -c -std=c99 -O2 -DGIT_COMMIT='"1e7b377bdc46f66ba5f5796c923c31e83e4cdb9f"' -I/home-link/pecap01/Programs/pluto/Src/Parallel -DPARALLEL -DUSE_CUDA -I. -I/home-link/pecap01/Programs/pluto/Src -I/opt/bwhpc/common/devel/cuda/10.0/include -I/home-link/pecap01/Programs/pluto/Src/HD -I/home-link/pecap01/Programs/pluto/Src/EOS/Isothermal /home-link/pecap01/Programs/pluto/Src/States/flatten.c
mpicc -c -std=c99 -O2 -DGIT_COMMIT='"1e7b377bdc46f66ba5f5796c923c31e83e4cdb9f"' -I/home-link/pecap01/Programs/pluto/Src/Parallel -DPARALLEL -DUSE_CUDA -I. -I/home-link/pecap01/Programs/pluto/Src -I/opt/bwhpc/common/devel/cuda/10.0/include -I/home-link/pecap01/Programs/pluto/Src/HD -I/home-link/pecap01/Programs/pluto/Src/EOS/Isothermal /home-link/pecap01/Programs/pluto/Src/get_nghost.c
mpicc -c -std=c99 -O2 -DGIT_COMMIT='"1e7b377bdc46f66ba5f5796c923c31e83e4cdb9f"' -I/home-link/pecap01/Programs/pluto/Src/Parallel -DPARALLEL -DUSE_CUDA -I. -I/home-link/pecap01/Programs/pluto/Src -I/opt/bwhpc/common/devel/cuda/10.0/include -I/home-link/pecap01/Programs/pluto/Src/HD -I/home-link/pecap01/Programs/pluto/Src/EOS/Isothermal init.c
mpicc -c -std=c99 -O2 -DGIT_COMMIT='"1e7b377bdc46f66ba5f5796c923c31e83e4cdb9f"' -I/home-link/pecap01/Programs/pluto/Src/Parallel -DPARALLEL -DUSE_CUDA -I. -I/home-link/pecap01/Programs/pluto/Src -I/opt/bwhpc/common/devel/cuda/10.0/include -I/home-link/pecap01/Programs/pluto/Src/HD -I/home-link/pecap01/Programs/pluto/Src/EOS/Isothermal /home-link/pecap01/Programs/pluto/Src/int_bound_reset.c
mpicc -c -std=c99 -O2 -DGIT_COMMIT='"1e7b377bdc46f66ba5f5796c923c31e83e4cdb9f"' -I/home-link/pecap01/Programs/pluto/Src/Parallel -DPARALLEL -DUSE_CUDA -I. -I/home-link/pecap01/Programs/pluto/Src -I/opt/bwhpc/common/devel/cuda/10.0/include -I/home-link/pecap01/Programs/pluto/Src/HD -I/home-link/pecap01/Programs/pluto/Src/EOS/Isothermal /home-link/pecap01/Programs/pluto/Src/input_data.c
mpicc -c -std=c99 -O2 -DGIT_COMMIT='"1e7b377bdc46f66ba5f5796c923c31e83e4cdb9f"' -I/home-link/pecap01/Programs/pluto/Src/Parallel -DPARALLEL -DUSE_CUDA -I. -I/home-link/pecap01/Programs/pluto/Src -I/opt/bwhpc/common/devel/cuda/10.0/include -I/home-link/pecap01/Programs/pluto/Src/HD -I/home-link/pecap01/Programs/pluto/Src/EOS/Isothermal /home-link/pecap01/Programs/pluto/Src/mappers3D.c
mpicc -c -std=c99 -O2 -DGIT_COMMIT='"1e7b377bdc46f66ba5f5796c923c31e83e4cdb9f"' -I/home-link/pecap01/Programs/pluto/Src/Parallel -DPARALLEL -DUSE_CUDA -I. -I/home-link/pecap01/Programs/pluto/Src -I/opt/bwhpc/common/devel/cuda/10.0/include -I/home-link/pecap01/Programs/pluto/Src/HD -I/home-link/pecap01/Programs/pluto/Src/EOS/Isothermal /home-link/pecap01/Programs/pluto/Src/mean_mol_weight.c
mpicc -c -std=c99 -O2 -DGIT_COMMIT='"1e7b377bdc46f66ba5f5796c923c31e83e4cdb9f"' -I/home-link/pecap01/Programs/pluto/Src/Parallel -DPARALLEL -DUSE_CUDA -I. -I/home-link/pecap01/Programs/pluto/Src -I/opt/bwhpc/common/devel/cuda/10.0/include -I/home-link/pecap01/Programs/pluto/Src/HD -I/home-link/pecap01/Programs/pluto/Src/EOS/Isothermal /home-link/pecap01/Programs/pluto/Src/parse_file.c
mpicc -c -std=c99 -O2 -DGIT_COMMIT='"1e7b377bdc46f66ba5f5796c923c31e83e4cdb9f"' -I/home-link/pecap01/Programs/pluto/Src/Parallel -DPARALLEL -DUSE_CUDA -I. -I/home-link/pecap01/Programs/pluto/Src -I/opt/bwhpc/common/devel/cuda/10.0/include -I/home-link/pecap01/Programs/pluto/Src/HD -I/home-link/pecap01/Programs/pluto/Src/EOS/Isothermal /home-link/pecap01/Programs/pluto/Src/States/plm_coeffs.c
mpicc -c -std=c99 -O2 -DGIT_COMMIT='"1e7b377bdc46f66ba5f5796c923c31e83e4cdb9f"' -I/home-link/pecap01/Programs/pluto/Src/Parallel -DPARALLEL -DUSE_CUDA -I. -I/home-link/pecap01/Programs/pluto/Src -I/opt/bwhpc/common/devel/cuda/10.0/include -I/home-link/pecap01/Programs/pluto/Src/HD -I/home-link/pecap01/Programs/pluto/Src/EOS/Isothermal /home-link/pecap01/Programs/pluto/Src/rbox.c
mpicc -c -std=c99 -O2 -DGIT_COMMIT='"1e7b377bdc46f66ba5f5796c923c31e83e4cdb9f"' -I/home-link/pecap01/Programs/pluto/Src/Parallel -DPARALLEL -DUSE_CUDA -I. -I/home-link/pecap01/Programs/pluto/Src -I/opt/bwhpc/common/devel/cuda/10.0/include -I/home-link/pecap01/Programs/pluto/Src/HD -I/home-link/pecap01/Programs/pluto/Src/EOS/Isothermal /home-link/pecap01/Programs/pluto/Src/set_indexes.c
mpicc -c -std=c99 -O2 -DGIT_COMMIT='"1e7b377bdc46f66ba5f5796c923c31e83e4cdb9f"' -I/home-link/pecap01/Programs/pluto/Src/Parallel -DPARALLEL -DUSE_CUDA -I. -I/home-link/pecap01/Programs/pluto/Src -I/opt/bwhpc/common/devel/cuda/10.0/include -I/home-link/pecap01/Programs/pluto/Src/HD -I/home-link/pecap01/Programs/pluto/Src/EOS/Isothermal /home-link/pecap01/Programs/pluto/Src/set_geometry.c
mpicc -c -std=c99 -O2 -DGIT_COMMIT='"1e7b377bdc46f66ba5f5796c923c31e83e4cdb9f"' -I/home-link/pecap01/Programs/pluto/Src/Parallel -DPARALLEL -DUSE_CUDA -I. -I/home-link/pecap01/Programs/pluto/Src -I/opt/bwhpc/common/devel/cuda/10.0/include -I/home-link/pecap01/Programs/pluto/Src/HD -I/home-link/pecap01/Programs/pluto/Src/EOS/Isothermal /home-link/pecap01/Programs/pluto/Src/set_output.c
mpicc -c -std=c99 -O2 -DGIT_COMMIT='"1e7b377bdc46f66ba5f5796c923c31e83e4cdb9f"' -I/home-link/pecap01/Programs/pluto/Src/Parallel -DPARALLEL -DUSE_CUDA -I. -I/home-link/pecap01/Programs/pluto/Src -I/opt/bwhpc/common/devel/cuda/10.0/include -I/home-link/pecap01/Programs/pluto/Src/HD -I/home-link/pecap01/Programs/pluto/Src/EOS/Isothermal /home-link/pecap01/Programs/pluto/Src/tools.c
mpicc -c -std=c99 -O2 -DGIT_COMMIT='"1e7b377bdc46f66ba5f5796c923c31e83e4cdb9f"' -I/home-link/pecap01/Programs/pluto/Src/Parallel -DPARALLEL -DUSE_CUDA -I. -I/home-link/pecap01/Programs/pluto/Src -I/opt/bwhpc/common/devel/cuda/10.0/include -I/home-link/pecap01/Programs/pluto/Src/HD -I/home-link/pecap01/Programs/pluto/Src/EOS/Isothermal /home-link/pecap01/Programs/pluto/Src/var_names.c
mpicc -c -std=c99 -O2 -DGIT_COMMIT='"1e7b377bdc46f66ba5f5796c923c31e83e4cdb9f"' -I/home-link/pecap01/Programs/pluto/Src/Parallel -DPARALLEL -DUSE_CUDA -I. -I/home-link/pecap01/Programs/pluto/Src -I/opt/bwhpc/common/devel/cuda/10.0/include -I/home-link/pecap01/Programs/pluto/Src/HD -I/home-link/pecap01/Programs/pluto/Src/EOS/Isothermal /home-link/pecap01/Programs/pluto/Src/bin_io.c
mpicc -c -std=c99 -O2 -DGIT_COMMIT='"1e7b377bdc46f66ba5f5796c923c31e83e4cdb9f"' -I/home-link/pecap01/Programs/pluto/Src/Parallel -DPARALLEL -DUSE_CUDA -I. -I/home-link/pecap01/Programs/pluto/Src -I/opt/bwhpc/common/devel/cuda/10.0/include -I/home-link/pecap01/Programs/pluto/Src/HD -I/home-link/pecap01/Programs/pluto/Src/EOS/Isothermal /home-link/pecap01/Programs/pluto/Src/colortable.c
mpicc -c -std=c99 -O2 -DGIT_COMMIT='"1e7b377bdc46f66ba5f5796c923c31e83e4cdb9f"' -I/home-link/pecap01/Programs/pluto/Src/Parallel -DPARALLEL -DUSE_CUDA -I. -I/home-link/pecap01/Programs/pluto/Src -I/opt/bwhpc/common/devel/cuda/10.0/include -I/home-link/pecap01/Programs/pluto/Src/HD -I/home-link/pecap01/Programs/pluto/Src/EOS/Isothermal /home-link/pecap01/Programs/pluto/Src/initialize.c
mpicc -c -std=c99 -O2 -DGIT_COMMIT='"1e7b377bdc46f66ba5f5796c923c31e83e4cdb9f"' -I/home-link/pecap01/Programs/pluto/Src/Parallel -DPARALLEL -DUSE_CUDA -I. -I/home-link/pecap01/Programs/pluto/Src -I/opt/bwhpc/common/devel/cuda/10.0/include -I/home-link/pecap01/Programs/pluto/Src/HD -I/home-link/pecap01/Programs/pluto/Src/EOS/Isothermal /home-link/pecap01/Programs/pluto/Src/jet_domain.c
mpicc -c -std=c99 -O2 -DGIT_COMMIT='"1e7b377bdc46f66ba5f5796c923c31e83e4cdb9f"' -I/home-link/pecap01/Programs/pluto/Src/Parallel -DPARALLEL -DUSE_CUDA -I. -I/home-link/pecap01/Programs/pluto/Src -I/opt/bwhpc/common/devel/cuda/10.0/include -I/home-link/pecap01/Programs/pluto/Src/HD -I/home-link/pecap01/Programs/pluto/Src/EOS/Isothermal /home-link/pecap01/Programs/pluto/Src/main.c
mpicc -c -std=c99 -O2 -DGIT_COMMIT='"1e7b377bdc46f66ba5f5796c923c31e83e4cdb9f"' -I/home-link/pecap01/Programs/pluto/Src/Parallel -DPARALLEL -DUSE_CUDA -I. -I/home-link/pecap01/Programs/pluto/Src -I/opt/bwhpc/common/devel/cuda/10.0/include -I/home-link/pecap01/Programs/pluto/Src/HD -I/home-link/pecap01/Programs/pluto/Src/EOS/Isothermal /home-link/pecap01/Programs/pluto/Src/restart.c
mpicc -c -std=c99 -O2 -DGIT_COMMIT='"1e7b377bdc46f66ba5f5796c923c31e83e4cdb9f"' -I/home-link/pecap01/Programs/pluto/Src/Parallel -DPARALLEL -DUSE_CUDA -I. -I/home-link/pecap01/Programs/pluto/Src -I/opt/bwhpc/common/devel/cuda/10.0/include -I/home-link/pecap01/Programs/pluto/Src/HD -I/home-link/pecap01/Programs/pluto/Src/EOS/Isothermal /home-link/pecap01/Programs/pluto/Src/runtime_setup.c
mpicc -c -std=c99 -O2 -DGIT_COMMIT='"1e7b377bdc46f66ba5f5796c923c31e83e4cdb9f"' -I/home-link/pecap01/Programs/pluto/Src/Parallel -DPARALLEL -DUSE_CUDA -I. -I/home-link/pecap01/Programs/pluto/Src -I/opt/bwhpc/common/devel/cuda/10.0/include -I/home-link/pecap01/Programs/pluto/Src/HD -I/home-link/pecap01/Programs/pluto/Src/EOS/Isothermal /home-link/pecap01/Programs/pluto/Src/show_config.c
mpicc -c -std=c99 -O2 -DGIT_COMMIT='"1e7b377bdc46f66ba5f5796c923c31e83e4cdb9f"' -I/home-link/pecap01/Programs/pluto/Src/Parallel -DPARALLEL -DUSE_CUDA -I. -I/home-link/pecap01/Programs/pluto/Src -I/opt/bwhpc/common/devel/cuda/10.0/include -I/home-link/pecap01/Programs/pluto/Src/HD -I/home-link/pecap01/Programs/pluto/Src/EOS/Isothermal /home-link/pecap01/Programs/pluto/Src/set_image.c
mpicc -c -std=c99 -O2 -DGIT_COMMIT='"1e7b377bdc46f66ba5f5796c923c31e83e4cdb9f"' -I/home-link/pecap01/Programs/pluto/Src/Parallel -DPARALLEL -DUSE_CUDA -I. -I/home-link/pecap01/Programs/pluto/Src -I/opt/bwhpc/common/devel/cuda/10.0/include -I/home-link/pecap01/Programs/pluto/Src/HD -I/home-link/pecap01/Programs/pluto/Src/EOS/Isothermal /home-link/pecap01/Programs/pluto/Src/set_grid.c
mpicc -c -std=c99 -O2 -DGIT_COMMIT='"1e7b377bdc46f66ba5f5796c923c31e83e4cdb9f"' -I/home-link/pecap01/Programs/pluto/Src/Parallel -DPARALLEL -DUSE_CUDA -I. -I/home-link/pecap01/Programs/pluto/Src -I/opt/bwhpc/common/devel/cuda/10.0/include -I/home-link/pecap01/Programs/pluto/Src/HD -I/home-link/pecap01/Programs/pluto/Src/EOS/Isothermal /home-link/pecap01/Programs/pluto/Src/startup.c
mpicc -c -std=c99 -O2 -DGIT_COMMIT='"1e7b377bdc46f66ba5f5796c923c31e83e4cdb9f"' -I/home-link/pecap01/Programs/pluto/Src/Parallel -DPARALLEL -DUSE_CUDA -I. -I/home-link/pecap01/Programs/pluto/Src -I/opt/bwhpc/common/devel/cuda/10.0/include -I/home-link/pecap01/Programs/pluto/Src/HD -I/home-link/pecap01/Programs/pluto/Src/EOS/Isothermal /home-link/pecap01/Programs/pluto/Src/split_source.c
mpicc -c -std=c99 -O2 -DGIT_COMMIT='"1e7b377bdc46f66ba5f5796c923c31e83e4cdb9f"' -I/home-link/pecap01/Programs/pluto/Src/Parallel -DPARALLEL -DUSE_CUDA -I. -I/home-link/pecap01/Programs/pluto/Src -I/opt/bwhpc/common/devel/cuda/10.0/include -I/home-link/pecap01/Programs/pluto/Src/HD -I/home-link/pecap01/Programs/pluto/Src/EOS/Isothermal /home-link/pecap01/Programs/pluto/Src/userdef_output.c
mpicc -c -std=c99 -O2 -DGIT_COMMIT='"1e7b377bdc46f66ba5f5796c923c31e83e4cdb9f"' -I/home-link/pecap01/Programs/pluto/Src/Parallel -DPARALLEL -DUSE_CUDA -I. -I/home-link/pecap01/Programs/pluto/Src -I/opt/bwhpc/common/devel/cuda/10.0/include -I/home-link/pecap01/Programs/pluto/Src/HD -I/home-link/pecap01/Programs/pluto/Src/EOS/Isothermal /home-link/pecap01/Programs/pluto/Src/write_data.c
mpicc -c -std=c99 -O2 -DGIT_COMMIT='"1e7b377bdc46f66ba5f5796c923c31e83e4cdb9f"' -I/home-link/pecap01/Programs/pluto/Src/Parallel -DPARALLEL -DUSE_CUDA -I. -I/home-link/pecap01/Programs/pluto/Src -I/opt/bwhpc/common/devel/cuda/10.0/include -I/home-link/pecap01/Programs/pluto/Src/HD -I/home-link/pecap01/Programs/pluto/Src/EOS/Isothermal /home-link/pecap01/Programs/pluto/Src/write_tab.c
mpicc -c -std=c99 -O2 -DGIT_COMMIT='"1e7b377bdc46f66ba5f5796c923c31e83e4cdb9f"' -I/home-link/pecap01/Programs/pluto/Src/Parallel -DPARALLEL -DUSE_CUDA -I. -I/home-link/pecap01/Programs/pluto/Src -I/opt/bwhpc/common/devel/cuda/10.0/include -I/home-link/pecap01/Programs/pluto/Src/HD -I/home-link/pecap01/Programs/pluto/Src/EOS/Isothermal /home-link/pecap01/Programs/pluto/Src/write_img.c
mpicc -c -std=c99 -O2 -DGIT_COMMIT='"1e7b377bdc46f66ba5f5796c923c31e83e4cdb9f"' -I/home-link/pecap01/Programs/pluto/Src/Parallel -DPARALLEL -DUSE_CUDA -I. -I/home-link/pecap01/Programs/pluto/Src -I/opt/bwhpc/common/devel/cuda/10.0/include -I/home-link/pecap01/Programs/pluto/Src/HD -I/home-link/pecap01/Programs/pluto/Src/EOS/Isothermal /home-link/pecap01/Programs/pluto/Src/write_vtk.c
mpicc -c -std=c99 -O2 -DGIT_COMMIT='"1e7b377bdc46f66ba5f5796c923c31e83e4cdb9f"' -I/home-link/pecap01/Programs/pluto/Src/Parallel -DPARALLEL -DUSE_CUDA -I. -I/home-link/pecap01/Programs/pluto/Src -I/opt/bwhpc/common/devel/cuda/10.0/include -I/home-link/pecap01/Programs/pluto/Src/HD -I/home-link/pecap01/Programs/pluto/Src/EOS/Isothermal /home-link/pecap01/Programs/pluto/Src/Math_Tools/math_interp.c
mpicc -c -std=c99 -O2 -DGIT_COMMIT='"1e7b377bdc46f66ba5f5796c923c31e83e4cdb9f"' -I/home-link/pecap01/Programs/pluto/Src/Parallel -DPARALLEL -DUSE_CUDA -I. -I/home-link/pecap01/Programs/pluto/Src -I/opt/bwhpc/common/devel/cuda/10.0/include -I/home-link/pecap01/Programs/pluto/Src/HD -I/home-link/pecap01/Programs/pluto/Src/EOS/Isothermal /home-link/pecap01/Programs/pluto/Src/Math_Tools/math_lu_decomp.c
mpicc -c -std=c99 -O2 -DGIT_COMMIT='"1e7b377bdc46f66ba5f5796c923c31e83e4cdb9f"' -I/home-link/pecap01/Programs/pluto/Src/Parallel -DPARALLEL -DUSE_CUDA -I. -I/home-link/pecap01/Programs/pluto/Src -I/opt/bwhpc/common/devel/cuda/10.0/include -I/home-link/pecap01/Programs/pluto/Src/HD -I/home-link/pecap01/Programs/pluto/Src/EOS/Isothermal /home-link/pecap01/Programs/pluto/Src/Math_Tools/math_qr_decomp.c
mpicc -c -std=c99 -O2 -DGIT_COMMIT='"1e7b377bdc46f66ba5f5796c923c31e83e4cdb9f"' -I/home-link/pecap01/Programs/pluto/Src/Parallel -DPARALLEL -DUSE_CUDA -I. -I/home-link/pecap01/Programs/pluto/Src -I/opt/bwhpc/common/devel/cuda/10.0/include -I/home-link/pecap01/Programs/pluto/Src/HD -I/home-link/pecap01/Programs/pluto/Src/EOS/Isothermal /home-link/pecap01/Programs/pluto/Src/Math_Tools/math_misc.c
mpicc -c -std=c99 -O2 -DGIT_COMMIT='"1e7b377bdc46f66ba5f5796c923c31e83e4cdb9f"' -I/home-link/pecap01/Programs/pluto/Src/Parallel -DPARALLEL -DUSE_CUDA -I. -I/home-link/pecap01/Programs/pluto/Src -I/opt/bwhpc/common/devel/cuda/10.0/include -I/home-link/pecap01/Programs/pluto/Src/HD -I/home-link/pecap01/Programs/pluto/Src/EOS/Isothermal /home-link/pecap01/Programs/pluto/Src/Math_Tools/math_ode.c
mpicc -c -std=c99 -O2 -DGIT_COMMIT='"1e7b377bdc46f66ba5f5796c923c31e83e4cdb9f"' -I/home-link/pecap01/Programs/pluto/Src/Parallel -DPARALLEL -DUSE_CUDA -I. -I/home-link/pecap01/Programs/pluto/Src -I/opt/bwhpc/common/devel/cuda/10.0/include -I/home-link/pecap01/Programs/pluto/Src/HD -I/home-link/pecap01/Programs/pluto/Src/EOS/Isothermal /home-link/pecap01/Programs/pluto/Src/Math_Tools/math_quadrature.c
mpicc -c -std=c99 -O2 -DGIT_COMMIT='"1e7b377bdc46f66ba5f5796c923c31e83e4cdb9f"' -I/home-link/pecap01/Programs/pluto/Src/Parallel -DPARALLEL -DUSE_CUDA -I. -I/home-link/pecap01/Programs/pluto/Src -I/opt/bwhpc/common/devel/cuda/10.0/include -I/home-link/pecap01/Programs/pluto/Src/HD -I/home-link/pecap01/Programs/pluto/Src/EOS/Isothermal /home-link/pecap01/Programs/pluto/Src/Math_Tools/math_root_finders.c
mpicc -c -std=c99 -O2 -DGIT_COMMIT='"1e7b377bdc46f66ba5f5796c923c31e83e4cdb9f"' -I/home-link/pecap01/Programs/pluto/Src/Parallel -DPARALLEL -DUSE_CUDA -I. -I/home-link/pecap01/Programs/pluto/Src -I/opt/bwhpc/common/devel/cuda/10.0/include -I/home-link/pecap01/Programs/pluto/Src/HD -I/home-link/pecap01/Programs/pluto/Src/EOS/Isothermal /home-link/pecap01/Programs/pluto/Src/Math_Tools/math_table2D.c
mpicc -c -std=c99 -O2 -DGIT_COMMIT='"1e7b377bdc46f66ba5f5796c923c31e83e4cdb9f"' -I/home-link/pecap01/Programs/pluto/Src/Parallel -DPARALLEL -DUSE_CUDA -I. -I/home-link/pecap01/Programs/pluto/Src -I/opt/bwhpc/common/devel/cuda/10.0/include -I/home-link/pecap01/Programs/pluto/Src/HD -I/home-link/pecap01/Programs/pluto/Src/EOS/Isothermal /home-link/pecap01/Programs/pluto/Src/Parallel/al_alloc.c
mpicc -c -std=c99 -O2 -DGIT_COMMIT='"1e7b377bdc46f66ba5f5796c923c31e83e4cdb9f"' -I/home-link/pecap01/Programs/pluto/Src/Parallel -DPARALLEL -DUSE_CUDA -I. -I/home-link/pecap01/Programs/pluto/Src -I/opt/bwhpc/common/devel/cuda/10.0/include -I/home-link/pecap01/Programs/pluto/Src/HD -I/home-link/pecap01/Programs/pluto/Src/EOS/Isothermal /home-link/pecap01/Programs/pluto/Src/Parallel/al_boundary.c
mpicc -c -std=c99 -O2 -DGIT_COMMIT='"1e7b377bdc46f66ba5f5796c923c31e83e4cdb9f"' -I/home-link/pecap01/Programs/pluto/Src/Parallel -DPARALLEL -DUSE_CUDA -I. -I/home-link/pecap01/Programs/pluto/Src -I/opt/bwhpc/common/devel/cuda/10.0/include -I/home-link/pecap01/Programs/pluto/Src/HD -I/home-link/pecap01/Programs/pluto/Src/EOS/Isothermal /home-link/pecap01/Programs/pluto/Src/Parallel/al_decompose.c
mpicc -c -std=c99 -O2 -DGIT_COMMIT='"1e7b377bdc46f66ba5f5796c923c31e83e4cdb9f"' -I/home-link/pecap01/Programs/pluto/Src/Parallel -DPARALLEL -DUSE_CUDA -I. -I/home-link/pecap01/Programs/pluto/Src -I/opt/bwhpc/common/devel/cuda/10.0/include -I/home-link/pecap01/Programs/pluto/Src/HD -I/home-link/pecap01/Programs/pluto/Src/EOS/Isothermal /home-link/pecap01/Programs/pluto/Src/Parallel/al_exchange.c
mpicc -c -std=c99 -O2 -DGIT_COMMIT='"1e7b377bdc46f66ba5f5796c923c31e83e4cdb9f"' -I/home-link/pecap01/Programs/pluto/Src/Parallel -DPARALLEL -DUSE_CUDA -I. -I/home-link/pecap01/Programs/pluto/Src -I/opt/bwhpc/common/devel/cuda/10.0/include -I/home-link/pecap01/Programs/pluto/Src/HD -I/home-link/pecap01/Programs/pluto/Src/EOS/Isothermal /home-link/pecap01/Programs/pluto/Src/Parallel/al_exchange_dim.c
mpicc -c -std=c99 -O2 -DGIT_COMMIT='"1e7b377bdc46f66ba5f5796c923c31e83e4cdb9f"' -I/home-link/pecap01/Programs/pluto/Src/Parallel -DPARALLEL -DUSE_CUDA -I. -I/home-link/pecap01/Programs/pluto/Src -I/opt/bwhpc/common/devel/cuda/10.0/include -I/home-link/pecap01/Programs/pluto/Src/HD -I/home-link/pecap01/Programs/pluto/Src/EOS/Isothermal /home-link/pecap01/Programs/pluto/Src/Parallel/al_finalize.c
mpicc -c -std=c99 -O2 -DGIT_COMMIT='"1e7b377bdc46f66ba5f5796c923c31e83e4cdb9f"' -I/home-link/pecap01/Programs/pluto/Src/Parallel -DPARALLEL -DUSE_CUDA -I. -I/home-link/pecap01/Programs/pluto/Src -I/opt/bwhpc/common/devel/cuda/10.0/include -I/home-link/pecap01/Programs/pluto/Src/HD -I/home-link/pecap01/Programs/pluto/Src/EOS/Isothermal /home-link/pecap01/Programs/pluto/Src/Parallel/al_init.c
mpicc -c -std=c99 -O2 -DGIT_COMMIT='"1e7b377bdc46f66ba5f5796c923c31e83e4cdb9f"' -I/home-link/pecap01/Programs/pluto/Src/Parallel -DPARALLEL -DUSE_CUDA -I. -I/home-link/pecap01/Programs/pluto/Src -I/opt/bwhpc/common/devel/cuda/10.0/include -I/home-link/pecap01/Programs/pluto/Src/HD -I/home-link/pecap01/Programs/pluto/Src/EOS/Isothermal /home-link/pecap01/Programs/pluto/Src/Parallel/al_io.c
mpicc -c -std=c99 -O2 -DGIT_COMMIT='"1e7b377bdc46f66ba5f5796c923c31e83e4cdb9f"' -I/home-link/pecap01/Programs/pluto/Src/Parallel -DPARALLEL -DUSE_CUDA -I. -I/home-link/pecap01/Programs/pluto/Src -I/opt/bwhpc/common/devel/cuda/10.0/include -I/home-link/pecap01/Programs/pluto/Src/HD -I/home-link/pecap01/Programs/pluto/Src/EOS/Isothermal /home-link/pecap01/Programs/pluto/Src/Parallel/al_sort_.c
mpicc -c -std=c99 -O2 -DGIT_COMMIT='"1e7b377bdc46f66ba5f5796c923c31e83e4cdb9f"' -I/home-link/pecap01/Programs/pluto/Src/Parallel -DPARALLEL -DUSE_CUDA -I. -I/home-link/pecap01/Programs/pluto/Src -I/opt/bwhpc/common/devel/cuda/10.0/include -I/home-link/pecap01/Programs/pluto/Src/HD -I/home-link/pecap01/Programs/pluto/Src/EOS/Isothermal /home-link/pecap01/Programs/pluto/Src/Parallel/al_subarray_.c
mpicc -c -std=c99 -O2 -DGIT_COMMIT='"1e7b377bdc46f66ba5f5796c923c31e83e4cdb9f"' -I/home-link/pecap01/Programs/pluto/Src/Parallel -DPARALLEL -DUSE_CUDA -I. -I/home-link/pecap01/Programs/pluto/Src -I/opt/bwhpc/common/devel/cuda/10.0/include -I/home-link/pecap01/Programs/pluto/Src/HD -I/home-link/pecap01/Programs/pluto/Src/EOS/Isothermal /home-link/pecap01/Programs/pluto/Src/Parallel/al_sz_free.c
/home-link/pecap01/Programs/pluto/Src/Parallel/al_subarray_.c: In function ‘AL_Type_create_subarray’:
/home-link/pecap01/Programs/pluto/Src/Parallel/al_subarray_.c:88:5: warning: ‘MPI_Type_extent’ is deprecated: MPI_Type_extent is superseded by MPI_Type_get_extent in MPI-2.0 [-Wdeprecated-declarations]
     MPI_Type_extent(oldtype, (MPI_Aint *) &extent);
     ^~~~~~~~~~~~~~~
In file included from /home-link/pecap01/Programs/pluto/Src/Parallel/al_hidden.h:21:0,
                 from /home-link/pecap01/Programs/pluto/Src/Parallel/al_subarray_.c:15:
/opt/bwhpc/common/mpi/openmpi/3.1.2-gnu-7.3/include/mpi.h:1758:20: note: declared here
 OMPI_DECLSPEC  int MPI_Type_extent(MPI_Datatype type, MPI_Aint *extent)
                    ^~~~~~~~~~~~~~~
/home-link/pecap01/Programs/pluto/Src/Parallel/al_subarray_.c:113:17: warning: ‘MPI_Type_hvector’ is deprecated: MPI_Type_hvector is superseded by MPI_Type_create_hvector in MPI-2.0 [-Wdeprecated-declarations]
                 MPI_Type_hvector(array_of_subsizes[i], 1, size, tmp1, &tmp2);
                 ^~~~~~~~~~~~~~~~
In file included from /home-link/pecap01/Programs/pluto/Src/Parallel/al_hidden.h:21:0,
                 from /home-link/pecap01/Programs/pluto/Src/Parallel/al_subarray_.c:15:
/opt/bwhpc/common/mpi/openmpi/3.1.2-gnu-7.3/include/mpi.h:1787:20: note: declared here
 OMPI_DECLSPEC  int MPI_Type_hvector(int count, int blocklength, MPI_Aint stride,
                    ^~~~~~~~~~~~~~~~
/home-link/pecap01/Programs/pluto/Src/Parallel/al_subarray_.c:142:17: warning: ‘MPI_Type_hvector’ is deprecated: MPI_Type_hvector is superseded by MPI_Type_create_hvector in MPI-2.0 [-Wdeprecated-declarations]
                 MPI_Type_hvector(array_of_subsizes[i], 1, size, tmp1, &tmp2);
                 ^~~~~~~~~~~~~~~~
In file included from /home-link/pecap01/Programs/pluto/Src/Parallel/al_hidden.h:21:0,
                 from /home-link/pecap01/Programs/pluto/Src/Parallel/al_subarray_.c:15:
/opt/bwhpc/common/mpi/openmpi/3.1.2-gnu-7.3/include/mpi.h:1787:20: note: declared here
 OMPI_DECLSPEC  int MPI_Type_hvector(int count, int blocklength, MPI_Aint stride,
                    ^~~~~~~~~~~~~~~~
/home-link/pecap01/Programs/pluto/Src/Parallel/al_subarray_.c:169:5: warning: ‘ompi_mpi_lb’ is deprecated: MPI_LB is deprecated in MPI-2.0 [-Wdeprecated-declarations]
     types[0] = MPI_LB;
     ^~~~~
In file included from /home-link/pecap01/Programs/pluto/Src/Parallel/al_hidden.h:21:0,
                 from /home-link/pecap01/Programs/pluto/Src/Parallel/al_subarray_.c:15:
/opt/bwhpc/common/mpi/openmpi/3.1.2-gnu-7.3/include/mpi.h:912:56: note: declared here
 OMPI_DECLSPEC extern struct ompi_predefined_datatype_t ompi_mpi_lb __mpi_interface_deprecated__("MPI_LB is deprecated in MPI-2.0");
                                                        ^~~~~~~~~~~
/home-link/pecap01/Programs/pluto/Src/Parallel/al_subarray_.c:171:5: warning: ‘ompi_mpi_ub’ is deprecated: MPI_UB is deprecated in MPI-2.0 [-Wdeprecated-declarations]
     types[2] = MPI_UB;
     ^~~~~
In file included from /home-link/pecap01/Programs/pluto/Src/Parallel/al_hidden.h:21:0,
                 from /home-link/pecap01/Programs/pluto/Src/Parallel/al_subarray_.c:15:
/opt/bwhpc/common/mpi/openmpi/3.1.2-gnu-7.3/include/mpi.h:913:56: note: declared here
 OMPI_DECLSPEC extern struct ompi_predefined_datatype_t ompi_mpi_ub __mpi_interface_deprecated__("MPI_UB is deprecated in MPI-2.0");
                                                        ^~~~~~~~~~~
/home-link/pecap01/Programs/pluto/Src/Parallel/al_subarray_.c:173:5: warning: ‘MPI_Type_struct’ is deprecated: MPI_Type_struct is superseded by MPI_Type_create_struct in MPI-2.0 [-Wdeprecated-declarations]
     MPI_Type_struct(3, blklens, disps, types, newtype);
     ^~~~~~~~~~~~~~~
In file included from /home-link/pecap01/Programs/pluto/Src/Parallel/al_hidden.h:21:0,
                 from /home-link/pecap01/Programs/pluto/Src/Parallel/al_subarray_.c:15:
/opt/bwhpc/common/mpi/openmpi/3.1.2-gnu-7.3/include/mpi.h:1801:20: note: declared here
 OMPI_DECLSPEC  int MPI_Type_struct(int count, int array_of_blocklengths[],
                    ^~~~~~~~~~~~~~~
mpicc -c -std=c99 -O2 -DGIT_COMMIT='"1e7b377bdc46f66ba5f5796c923c31e83e4cdb9f"' -I/home-link/pecap01/Programs/pluto/Src/Parallel -DPARALLEL -DUSE_CUDA -I. -I/home-link/pecap01/Programs/pluto/Src -I/opt/bwhpc/common/devel/cuda/10.0/include -I/home-link/pecap01/Programs/pluto/Src/HD -I/home-link/pecap01/Programs/pluto/Src/EOS/Isothermal /home-link/pecap01/Programs/pluto/Src/Parallel/al_sz_get.c
mpicc -c -std=c99 -O2 -DGIT_COMMIT='"1e7b377bdc46f66ba5f5796c923c31e83e4cdb9f"' -I/home-link/pecap01/Programs/pluto/Src/Parallel -DPARALLEL -DUSE_CUDA -I. -I/home-link/pecap01/Programs/pluto/Src -I/opt/bwhpc/common/devel/cuda/10.0/include -I/home-link/pecap01/Programs/pluto/Src/HD -I/home-link/pecap01/Programs/pluto/Src/EOS/Isothermal /home-link/pecap01/Programs/pluto/Src/Parallel/al_sz_init.c
mpicc -c -std=c99 -O2 -DGIT_COMMIT='"1e7b377bdc46f66ba5f5796c923c31e83e4cdb9f"' -I/home-link/pecap01/Programs/pluto/Src/Parallel -DPARALLEL -DUSE_CUDA -I. -I/home-link/pecap01/Programs/pluto/Src -I/opt/bwhpc/common/devel/cuda/10.0/include -I/home-link/pecap01/Programs/pluto/Src/HD -I/home-link/pecap01/Programs/pluto/Src/EOS/Isothermal /home-link/pecap01/Programs/pluto/Src/Parallel/al_szptr_.c
mpicc -c -std=c99 -O2 -DGIT_COMMIT='"1e7b377bdc46f66ba5f5796c923c31e83e4cdb9f"' -I/home-link/pecap01/Programs/pluto/Src/Parallel -DPARALLEL -DUSE_CUDA -I. -I/home-link/pecap01/Programs/pluto/Src -I/opt/bwhpc/common/devel/cuda/10.0/include -I/home-link/pecap01/Programs/pluto/Src/HD -I/home-link/pecap01/Programs/pluto/Src/EOS/Isothermal /home-link/pecap01/Programs/pluto/Src/Parallel/al_sz_set.c
mpicc -c -std=c99 -O2 -DGIT_COMMIT='"1e7b377bdc46f66ba5f5796c923c31e83e4cdb9f"' -I/home-link/pecap01/Programs/pluto/Src/Parallel -DPARALLEL -DUSE_CUDA -I. -I/home-link/pecap01/Programs/pluto/Src -I/opt/bwhpc/common/devel/cuda/10.0/include -I/home-link/pecap01/Programs/pluto/Src/HD -I/home-link/pecap01/Programs/pluto/Src/EOS/Isothermal /home-link/pecap01/Programs/pluto/Src/Parallel/al_decomp_.c
mpicc -c -std=c99 -O2 -DGIT_COMMIT='"1e7b377bdc46f66ba5f5796c923c31e83e4cdb9f"' -I/home-link/pecap01/Programs/pluto/Src/Parallel -DPARALLEL -DUSE_CUDA -I. -I/home-link/pecap01/Programs/pluto/Src -I/opt/bwhpc/common/devel/cuda/10.0/include -I/home-link/pecap01/Programs/pluto/Src/HD -I/home-link/pecap01/Programs/pluto/Src/EOS/Isothermal /home-link/pecap01/Programs/pluto/Src/Parallel/al_write_array_async.c
mpicc -c -std=c99 -O2 -DGIT_COMMIT='"1e7b377bdc46f66ba5f5796c923c31e83e4cdb9f"' -I/home-link/pecap01/Programs/pluto/Src/Parallel -DPARALLEL -DUSE_CUDA -I. -I/home-link/pecap01/Programs/pluto/Src -I/opt/bwhpc/common/devel/cuda/10.0/include -I/home-link/pecap01/Programs/pluto/Src/HD -I/home-link/pecap01/Programs/pluto/Src/EOS/Isothermal /home-link/pecap01/Programs/pluto/Src/Parallel/cuda_mpi.c
mpicc -c -std=c99 -O2 -DGIT_COMMIT='"1e7b377bdc46f66ba5f5796c923c31e83e4cdb9f"' -I/home-link/pecap01/Programs/pluto/Src/Parallel -DPARALLEL -DUSE_CUDA -I. -I/home-link/pecap01/Programs/pluto/Src -I/opt/bwhpc/common/devel/cuda/10.0/include -I/home-link/pecap01/Programs/pluto/Src/HD -I/home-link/pecap01/Programs/pluto/Src/EOS/Isothermal /home-link/pecap01/Programs/pluto/Src/States/plm_states.c
mpicc -c -std=c99 -O2 -DGIT_COMMIT='"1e7b377bdc46f66ba5f5796c923c31e83e4cdb9f"' -I/home-link/pecap01/Programs/pluto/Src/Parallel -DPARALLEL -DUSE_CUDA -I. -I/home-link/pecap01/Programs/pluto/Src -I/opt/bwhpc/common/devel/cuda/10.0/include -I/home-link/pecap01/Programs/pluto/Src/HD -I/home-link/pecap01/Programs/pluto/Src/EOS/Isothermal /home-link/pecap01/Programs/pluto/Src/Time_Stepping/rk_step.c
mpicc -c -std=c99 -O2 -DGIT_COMMIT='"1e7b377bdc46f66ba5f5796c923c31e83e4cdb9f"' -I/home-link/pecap01/Programs/pluto/Src/Parallel -DPARALLEL -DUSE_CUDA -I. -I/home-link/pecap01/Programs/pluto/Src -I/opt/bwhpc/common/devel/cuda/10.0/include -I/home-link/pecap01/Programs/pluto/Src/HD -I/home-link/pecap01/Programs/pluto/Src/EOS/Isothermal /home-link/pecap01/Programs/pluto/Src/Time_Stepping/update_stage.c
mpicc -c -std=c99 -O2 -DGIT_COMMIT='"1e7b377bdc46f66ba5f5796c923c31e83e4cdb9f"' -I/home-link/pecap01/Programs/pluto/Src/Parallel -DPARALLEL -DUSE_CUDA -I. -I/home-link/pecap01/Programs/pluto/Src -I/opt/bwhpc/common/devel/cuda/10.0/include -I/home-link/pecap01/Programs/pluto/Src/HD -I/home-link/pecap01/Programs/pluto/Src/EOS/Isothermal /home-link/pecap01/Programs/pluto/Src/parabolic_flux.c
mpicc -c -std=c99 -O2 -DGIT_COMMIT='"1e7b377bdc46f66ba5f5796c923c31e83e4cdb9f"' -I/home-link/pecap01/Programs/pluto/Src/Parallel -DPARALLEL -DUSE_CUDA -I. -I/home-link/pecap01/Programs/pluto/Src -I/opt/bwhpc/common/devel/cuda/10.0/include -I/home-link/pecap01/Programs/pluto/Src/HD -I/home-link/pecap01/Programs/pluto/Src/EOS/Isothermal /home-link/pecap01/Programs/pluto/Src/HD/ausm.c
mpicc -c -std=c99 -O2 -DGIT_COMMIT='"1e7b377bdc46f66ba5f5796c923c31e83e4cdb9f"' -I/home-link/pecap01/Programs/pluto/Src/Parallel -DPARALLEL -DUSE_CUDA -I. -I/home-link/pecap01/Programs/pluto/Src -I/opt/bwhpc/common/devel/cuda/10.0/include -I/home-link/pecap01/Programs/pluto/Src/HD -I/home-link/pecap01/Programs/pluto/Src/EOS/Isothermal /home-link/pecap01/Programs/pluto/Src/HD/eigenv.c
mpicc -c -std=c99 -O2 -DGIT_COMMIT='"1e7b377bdc46f66ba5f5796c923c31e83e4cdb9f"' -I/home-link/pecap01/Programs/pluto/Src/Parallel -DPARALLEL -DUSE_CUDA -I. -I/home-link/pecap01/Programs/pluto/Src -I/opt/bwhpc/common/devel/cuda/10.0/include -I/home-link/pecap01/Programs/pluto/Src/HD -I/home-link/pecap01/Programs/pluto/Src/EOS/Isothermal /home-link/pecap01/Programs/pluto/Src/HD/fluxes.c
mpicc -c -std=c99 -O2 -DGIT_COMMIT='"1e7b377bdc46f66ba5f5796c923c31e83e4cdb9f"' -I/home-link/pecap01/Programs/pluto/Src/Parallel -DPARALLEL -DUSE_CUDA -I. -I/home-link/pecap01/Programs/pluto/Src -I/opt/bwhpc/common/devel/cuda/10.0/include -I/home-link/pecap01/Programs/pluto/Src/HD -I/home-link/pecap01/Programs/pluto/Src/EOS/Isothermal /home-link/pecap01/Programs/pluto/Src/HD/mappers.c
mpicc -c -std=c99 -O2 -DGIT_COMMIT='"1e7b377bdc46f66ba5f5796c923c31e83e4cdb9f"' -I/home-link/pecap01/Programs/pluto/Src/Parallel -DPARALLEL -DUSE_CUDA -I. -I/home-link/pecap01/Programs/pluto/Src -I/opt/bwhpc/common/devel/cuda/10.0/include -I/home-link/pecap01/Programs/pluto/Src/HD -I/home-link/pecap01/Programs/pluto/Src/EOS/Isothermal /home-link/pecap01/Programs/pluto/Src/HD/prim_eqn.c
mpicc -c -std=c99 -O2 -DGIT_COMMIT='"1e7b377bdc46f66ba5f5796c923c31e83e4cdb9f"' -I/home-link/pecap01/Programs/pluto/Src/Parallel -DPARALLEL -DUSE_CUDA -I. -I/home-link/pecap01/Programs/pluto/Src -I/opt/bwhpc/common/devel/cuda/10.0/include -I/home-link/pecap01/Programs/pluto/Src/HD -I/home-link/pecap01/Programs/pluto/Src/EOS/Isothermal /home-link/pecap01/Programs/pluto/Src/HD/hll_speed.c
mpicc -c -std=c99 -O2 -DGIT_COMMIT='"1e7b377bdc46f66ba5f5796c923c31e83e4cdb9f"' -I/home-link/pecap01/Programs/pluto/Src/Parallel -DPARALLEL -DUSE_CUDA -I. -I/home-link/pecap01/Programs/pluto/Src -I/opt/bwhpc/common/devel/cuda/10.0/include -I/home-link/pecap01/Programs/pluto/Src/HD -I/home-link/pecap01/Programs/pluto/Src/EOS/Isothermal /home-link/pecap01/Programs/pluto/Src/HD/hll.c
mpicc -c -std=c99 -O2 -DGIT_COMMIT='"1e7b377bdc46f66ba5f5796c923c31e83e4cdb9f"' -I/home-link/pecap01/Programs/pluto/Src/Parallel -DPARALLEL -DUSE_CUDA -I. -I/home-link/pecap01/Programs/pluto/Src -I/opt/bwhpc/common/devel/cuda/10.0/include -I/home-link/pecap01/Programs/pluto/Src/HD -I/home-link/pecap01/Programs/pluto/Src/EOS/Isothermal /home-link/pecap01/Programs/pluto/Src/HD/hllc.c
mpicc -c -std=c99 -O2 -DGIT_COMMIT='"1e7b377bdc46f66ba5f5796c923c31e83e4cdb9f"' -I/home-link/pecap01/Programs/pluto/Src/Parallel -DPARALLEL -DUSE_CUDA -I. -I/home-link/pecap01/Programs/pluto/Src -I/opt/bwhpc/common/devel/cuda/10.0/include -I/home-link/pecap01/Programs/pluto/Src/HD -I/home-link/pecap01/Programs/pluto/Src/EOS/Isothermal /home-link/pecap01/Programs/pluto/Src/HD/set_solver.c
mpicc -c -std=c99 -O2 -DGIT_COMMIT='"1e7b377bdc46f66ba5f5796c923c31e83e4cdb9f"' -I/home-link/pecap01/Programs/pluto/Src/Parallel -DPARALLEL -DUSE_CUDA -I. -I/home-link/pecap01/Programs/pluto/Src -I/opt/bwhpc/common/devel/cuda/10.0/include -I/home-link/pecap01/Programs/pluto/Src/HD -I/home-link/pecap01/Programs/pluto/Src/EOS/Isothermal /home-link/pecap01/Programs/pluto/Src/HD/tvdlf.c
mpicc -c -std=c99 -O2 -DGIT_COMMIT='"1e7b377bdc46f66ba5f5796c923c31e83e4cdb9f"' -I/home-link/pecap01/Programs/pluto/Src/Parallel -DPARALLEL -DUSE_CUDA -I. -I/home-link/pecap01/Programs/pluto/Src -I/opt/bwhpc/common/devel/cuda/10.0/include -I/home-link/pecap01/Programs/pluto/Src/HD -I/home-link/pecap01/Programs/pluto/Src/EOS/Isothermal /home-link/pecap01/Programs/pluto/Src/HD/two_shock.c
mpicc -c -std=c99 -O2 -DGIT_COMMIT='"1e7b377bdc46f66ba5f5796c923c31e83e4cdb9f"' -I/home-link/pecap01/Programs/pluto/Src/Parallel -DPARALLEL -DUSE_CUDA -I. -I/home-link/pecap01/Programs/pluto/Src -I/opt/bwhpc/common/devel/cuda/10.0/include -I/home-link/pecap01/Programs/pluto/Src/HD -I/home-link/pecap01/Programs/pluto/Src/EOS/Isothermal /home-link/pecap01/Programs/pluto/Src/HD/roe.c
mpicc -c -std=c99 -O2 -DGIT_COMMIT='"1e7b377bdc46f66ba5f5796c923c31e83e4cdb9f"' -I/home-link/pecap01/Programs/pluto/Src/Parallel -DPARALLEL -DUSE_CUDA -I. -I/home-link/pecap01/Programs/pluto/Src -I/opt/bwhpc/common/devel/cuda/10.0/include -I/home-link/pecap01/Programs/pluto/Src/HD -I/home-link/pecap01/Programs/pluto/Src/EOS/Isothermal /home-link/pecap01/Programs/pluto/Src/MHD/get_area_flux.c
mpicc -c -std=c99 -O2 -DGIT_COMMIT='"1e7b377bdc46f66ba5f5796c923c31e83e4cdb9f"' -I/home-link/pecap01/Programs/pluto/Src/Parallel -DPARALLEL -DUSE_CUDA -I. -I/home-link/pecap01/Programs/pluto/Src -I/opt/bwhpc/common/devel/cuda/10.0/include -I/home-link/pecap01/Programs/pluto/Src/HD -I/home-link/pecap01/Programs/pluto/Src/EOS/Isothermal /home-link/pecap01/Programs/pluto/Src/MHD/rhs.c
mpicc -c -std=c99 -O2 -DGIT_COMMIT='"1e7b377bdc46f66ba5f5796c923c31e83e4cdb9f"' -I/home-link/pecap01/Programs/pluto/Src/Parallel -DPARALLEL -DUSE_CUDA -I. -I/home-link/pecap01/Programs/pluto/Src -I/opt/bwhpc/common/devel/cuda/10.0/include -I/home-link/pecap01/Programs/pluto/Src/HD -I/home-link/pecap01/Programs/pluto/Src/EOS/Isothermal /home-link/pecap01/Programs/pluto/Src/MHD/rhs_source.c
mpicc -c -std=c99 -O2 -DGIT_COMMIT='"1e7b377bdc46f66ba5f5796c923c31e83e4cdb9f"' -I/home-link/pecap01/Programs/pluto/Src/Parallel -DPARALLEL -DUSE_CUDA -I. -I/home-link/pecap01/Programs/pluto/Src -I/opt/bwhpc/common/devel/cuda/10.0/include -I/home-link/pecap01/Programs/pluto/Src/HD -I/home-link/pecap01/Programs/pluto/Src/EOS/Isothermal /home-link/pecap01/Programs/pluto/Src/Viscosity/viscous_flux.c
mpicc -c -std=c99 -O2 -DGIT_COMMIT='"1e7b377bdc46f66ba5f5796c923c31e83e4cdb9f"' -I/home-link/pecap01/Programs/pluto/Src/Parallel -DPARALLEL -DUSE_CUDA -I. -I/home-link/pecap01/Programs/pluto/Src -I/opt/bwhpc/common/devel/cuda/10.0/include -I/home-link/pecap01/Programs/pluto/Src/HD -I/home-link/pecap01/Programs/pluto/Src/EOS/Isothermal visc_nu.c
mpicc -c -std=c99 -O2 -DGIT_COMMIT='"1e7b377bdc46f66ba5f5796c923c31e83e4cdb9f"' -I/home-link/pecap01/Programs/pluto/Src/Parallel -DPARALLEL -DUSE_CUDA -I. -I/home-link/pecap01/Programs/pluto/Src -I/opt/bwhpc/common/devel/cuda/10.0/include -I/home-link/pecap01/Programs/pluto/Src/HD -I/home-link/pecap01/Programs/pluto/Src/EOS/Isothermal eos.c
mpicc -c -std=c99 -O2 -DGIT_COMMIT='"1e7b377bdc46f66ba5f5796c923c31e83e4cdb9f"' -I/home-link/pecap01/Programs/pluto/Src/Parallel -DPARALLEL -DUSE_CUDA -I. -I/home-link/pecap01/Programs/pluto/Src -I/opt/bwhpc/common/devel/cuda/10.0/include -I/home-link/pecap01/Programs/pluto/Src/HD -I/home-link/pecap01/Programs/pluto/Src/EOS/Isothermal nbody.c
mpicc -c -std=c99 -O2 -DGIT_COMMIT='"1e7b377bdc46f66ba5f5796c923c31e83e4cdb9f"' -I/home-link/pecap01/Programs/pluto/Src/Parallel -DPARALLEL -DUSE_CUDA -I. -I/home-link/pecap01/Programs/pluto/Src -I/opt/bwhpc/common/devel/cuda/10.0/include -I/home-link/pecap01/Programs/pluto/Src/HD -I/home-link/pecap01/Programs/pluto/Src/EOS/Isothermal /home-link/pecap01/Programs/pluto/Src/Nbody/nbody_gravity.c
mpicc -c -std=c99 -O2 -DGIT_COMMIT='"1e7b377bdc46f66ba5f5796c923c31e83e4cdb9f"' -I/home-link/pecap01/Programs/pluto/Src/Parallel -DPARALLEL -DUSE_CUDA -I. -I/home-link/pecap01/Programs/pluto/Src -I/opt/bwhpc/common/devel/cuda/10.0/include -I/home-link/pecap01/Programs/pluto/Src/HD -I/home-link/pecap01/Programs/pluto/Src/EOS/Isothermal /home-link/pecap01/Programs/pluto/Src/Nbody/nbody_init.c
mpicc -c -std=c99 -O2 -DGIT_COMMIT='"1e7b377bdc46f66ba5f5796c923c31e83e4cdb9f"' -I/home-link/pecap01/Programs/pluto/Src/Parallel -DPARALLEL -DUSE_CUDA -I. -I/home-link/pecap01/Programs/pluto/Src -I/opt/bwhpc/common/devel/cuda/10.0/include -I/home-link/pecap01/Programs/pluto/Src/HD -I/home-link/pecap01/Programs/pluto/Src/EOS/Isothermal /home-link/pecap01/Programs/pluto/Src/Nbody/nbody_io.c
mpicc -c -std=c99 -O2 -DGIT_COMMIT='"1e7b377bdc46f66ba5f5796c923c31e83e4cdb9f"' -I/home-link/pecap01/Programs/pluto/Src/Parallel -DPARALLEL -DUSE_CUDA -I. -I/home-link/pecap01/Programs/pluto/Src -I/opt/bwhpc/common/devel/cuda/10.0/include -I/home-link/pecap01/Programs/pluto/Src/HD -I/home-link/pecap01/Programs/pluto/Src/EOS/Isothermal /home-link/pecap01/Programs/pluto/Src/Nbody/nbody_memory.c
mpicc -c -std=c99 -O2 -DGIT_COMMIT='"1e7b377bdc46f66ba5f5796c923c31e83e4cdb9f"' -I/home-link/pecap01/Programs/pluto/Src/Parallel -DPARALLEL -DUSE_CUDA -I. -I/home-link/pecap01/Programs/pluto/Src -I/opt/bwhpc/common/devel/cuda/10.0/include -I/home-link/pecap01/Programs/pluto/Src/HD -I/home-link/pecap01/Programs/pluto/Src/EOS/Isothermal /home-link/pecap01/Programs/pluto/Src/Nbody/nbody_rk4.c
mpicc -c -std=c99 -O2 -DGIT_COMMIT='"1e7b377bdc46f66ba5f5796c923c31e83e4cdb9f"' -I/home-link/pecap01/Programs/pluto/Src/Parallel -DPARALLEL -DUSE_CUDA -I. -I/home-link/pecap01/Programs/pluto/Src -I/opt/bwhpc/common/devel/cuda/10.0/include -I/home-link/pecap01/Programs/pluto/Src/HD -I/home-link/pecap01/Programs/pluto/Src/EOS/Isothermal /home-link/pecap01/Programs/pluto/Src/Nbody/nbody_tools.c
nvcc -arch=sm_37 -c -dc -O2 -Xcompiler "-O2" -DPARALLEL_CUDA -DUSE_CUDA -I. -I/home-link/pecap01/Programs/pluto/Src -I/opt/bwhpc/common/devel/cuda/10.0/include -I/home-link/pecap01/Programs/pluto/Src/HD -I/home-link/pecap01/Programs/pluto/Src/EOS/Isothermal /home-link/pecap01/Programs/pluto/Src/toolsCuda.cu
nvcc -arch=sm_37 -c -dc -O2 -Xcompiler "-O2" -DPARALLEL_CUDA -DUSE_CUDA -I. -I/home-link/pecap01/Programs/pluto/Src -I/opt/bwhpc/common/devel/cuda/10.0/include -I/home-link/pecap01/Programs/pluto/Src/HD -I/home-link/pecap01/Programs/pluto/Src/EOS/Isothermal /home-link/pecap01/Programs/pluto/Src/memoryCuda.cu
nvcc -arch=sm_37 -c -dc -O2 -Xcompiler "-O2" -DPARALLEL_CUDA -DUSE_CUDA -I. -I/home-link/pecap01/Programs/pluto/Src -I/opt/bwhpc/common/devel/cuda/10.0/include -I/home-link/pecap01/Programs/pluto/Src/HD -I/home-link/pecap01/Programs/pluto/Src/EOS/Isothermal /home-link/pecap01/Programs/pluto/Src/mappers3DCuda.cu
nvcc -arch=sm_37 -c -dc -O2 -Xcompiler "-O2" -DPARALLEL_CUDA -DUSE_CUDA -I. -I/home-link/pecap01/Programs/pluto/Src -I/opt/bwhpc/common/devel/cuda/10.0/include -I/home-link/pecap01/Programs/pluto/Src/HD -I/home-link/pecap01/Programs/pluto/Src/EOS/Isothermal /home-link/pecap01/Programs/pluto/Src/boundaryCuda.cu
nvcc -arch=sm_37 -c -dc -O2 -Xcompiler "-O2" -DPARALLEL_CUDA -DUSE_CUDA -I. -I/home-link/pecap01/Programs/pluto/Src -I/opt/bwhpc/common/devel/cuda/10.0/include -I/home-link/pecap01/Programs/pluto/Src/HD -I/home-link/pecap01/Programs/pluto/Src/EOS/Isothermal initCuda.cu
nvcc -arch=sm_37 -c -dc -O2 -Xcompiler "-O2" -DPARALLEL_CUDA -DUSE_CUDA -I. -I/home-link/pecap01/Programs/pluto/Src -I/opt/bwhpc/common/devel/cuda/10.0/include -I/home-link/pecap01/Programs/pluto/Src/HD -I/home-link/pecap01/Programs/pluto/Src/EOS/Isothermal /home-link/pecap01/Programs/pluto/Src/flagCuda.cu
nvcc -arch=sm_37 -c -dc -O2 -Xcompiler "-O2" -DPARALLEL_CUDA -DUSE_CUDA -I. -I/home-link/pecap01/Programs/pluto/Src -I/opt/bwhpc/common/devel/cuda/10.0/include -I/home-link/pecap01/Programs/pluto/Src/HD -I/home-link/pecap01/Programs/pluto/Src/EOS/Isothermal /home-link/pecap01/Programs/pluto/Src/flag_shockCuda.cu
nvcc -arch=sm_37 -c -dc -O2 -Xcompiler "-O2" -DPARALLEL_CUDA -DUSE_CUDA -I. -I/home-link/pecap01/Programs/pluto/Src -I/opt/bwhpc/common/devel/cuda/10.0/include -I/home-link/pecap01/Programs/pluto/Src/HD -I/home-link/pecap01/Programs/pluto/Src/EOS/Isothermal /home-link/pecap01/Programs/pluto/Src/adv_fluxCuda.cu
nvcc -arch=sm_37 -c -dc -O2 -Xcompiler "-O2" -DPARALLEL_CUDA -DUSE_CUDA -I. -I/home-link/pecap01/Programs/pluto/Src -I/opt/bwhpc/common/devel/cuda/10.0/include -I/home-link/pecap01/Programs/pluto/Src/HD -I/home-link/pecap01/Programs/pluto/Src/EOS/Isothermal /home-link/pecap01/Programs/pluto/Src/States/plm_statesCuda.cu
nvcc -arch=sm_37 -c -dc -O2 -Xcompiler "-O2" -DPARALLEL_CUDA -DUSE_CUDA -I. -I/home-link/pecap01/Programs/pluto/Src -I/opt/bwhpc/common/devel/cuda/10.0/include -I/home-link/pecap01/Programs/pluto/Src/HD -I/home-link/pecap01/Programs/pluto/Src/EOS/Isothermal /home-link/pecap01/Programs/pluto/Src/Time_Stepping/rk_stepCuda.cu
nvcc -arch=sm_37 -c -dc -O2 -Xcompiler "-O2" -DPARALLEL_CUDA -DUSE_CUDA -I. -I/home-link/pecap01/Programs/pluto/Src -I/opt/bwhpc/common/devel/cuda/10.0/include -I/home-link/pecap01/Programs/pluto/Src/HD -I/home-link/pecap01/Programs/pluto/Src/EOS/Isothermal /home-link/pecap01/Programs/pluto/Src/analysis_reduction.cu
/home-link/pecap01/Programs/pluto/Src/States/plm_statesCuda.cu(317): warning: variable "cpk" was set but never used

/home-link/pecap01/Programs/pluto/Src/States/plm_statesCuda.cu(318): warning: variable "cmk" was set but never used

/home-link/pecap01/Programs/pluto/Src/Time_Stepping/rk_stepCuda.cu(248): warning: invalid narrowing conversion from "long" to "unsigned int"

/home-link/pecap01/Programs/pluto/Src/Time_Stepping/rk_stepCuda.cu(249): warning: invalid narrowing conversion from "long" to "unsigned int"

/home-link/pecap01/Programs/pluto/Src/Time_Stepping/rk_stepCuda.cu(250): warning: invalid narrowing conversion from "long" to "unsigned int"

/home-link/pecap01/Programs/pluto/Src/Time_Stepping/rk_stepCuda.cu(389): warning: invalid narrowing conversion from "long" to "unsigned int"

/home-link/pecap01/Programs/pluto/Src/Time_Stepping/rk_stepCuda.cu(390): warning: invalid narrowing conversion from "long" to "unsigned int"

/home-link/pecap01/Programs/pluto/Src/Time_Stepping/rk_stepCuda.cu(391): warning: invalid narrowing conversion from "long" to "unsigned int"

/home-link/pecap01/Programs/pluto/Src/Time_Stepping/rk_stepCuda.cu(466): warning: invalid narrowing conversion from "long" to "unsigned int"

/home-link/pecap01/Programs/pluto/Src/Time_Stepping/rk_stepCuda.cu(467): warning: invalid narrowing conversion from "long" to "unsigned int"

/home-link/pecap01/Programs/pluto/Src/Time_Stepping/rk_stepCuda.cu(468): warning: invalid narrowing conversion from "long" to "unsigned int"

nvcc -arch=sm_37 -c -dc -O2 -Xcompiler "-O2" -DPARALLEL_CUDA -DUSE_CUDA -I. -I/home-link/pecap01/Programs/pluto/Src -I/opt/bwhpc/common/devel/cuda/10.0/include -I/home-link/pecap01/Programs/pluto/Src/HD -I/home-link/pecap01/Programs/pluto/Src/EOS/Isothermal /home-link/pecap01/Programs/pluto/Src/HD/hllCuda.cu
/home-link/pecap01/Programs/pluto/Src/analysis_reduction.cu(18): warning: invalid narrowing conversion from "long" to "unsigned int"

/home-link/pecap01/Programs/pluto/Src/analysis_reduction.cu(19): warning: invalid narrowing conversion from "long" to "unsigned int"

/home-link/pecap01/Programs/pluto/Src/analysis_reduction.cu(20): warning: invalid narrowing conversion from "long" to "unsigned int"

/home-link/pecap01/Programs/pluto/Src/Time_Stepping/rk_stepCuda.cu(248): warning: invalid narrowing conversion from "long" to "unsigned int"

/home-link/pecap01/Programs/pluto/Src/Time_Stepping/rk_stepCuda.cu(249): warning: invalid narrowing conversion from "long" to "unsigned int"

/home-link/pecap01/Programs/pluto/Src/Time_Stepping/rk_stepCuda.cu(250): warning: invalid narrowing conversion from "long" to "unsigned int"

/home-link/pecap01/Programs/pluto/Src/Time_Stepping/rk_stepCuda.cu(389): warning: invalid narrowing conversion from "long" to "unsigned int"

/home-link/pecap01/Programs/pluto/Src/Time_Stepping/rk_stepCuda.cu(390): warning: invalid narrowing conversion from "long" to "unsigned int"

/home-link/pecap01/Programs/pluto/Src/Time_Stepping/rk_stepCuda.cu(391): warning: invalid narrowing conversion from "long" to "unsigned int"

/home-link/pecap01/Programs/pluto/Src/Time_Stepping/rk_stepCuda.cu(466): warning: invalid narrowing conversion from "long" to "unsigned int"

/home-link/pecap01/Programs/pluto/Src/Time_Stepping/rk_stepCuda.cu(467): warning: invalid narrowing conversion from "long" to "unsigned int"

/home-link/pecap01/Programs/pluto/Src/Time_Stepping/rk_stepCuda.cu(468): warning: invalid narrowing conversion from "long" to "unsigned int"

nvcc -arch=sm_37 -c -dc -O2 -Xcompiler "-O2" -DPARALLEL_CUDA -DUSE_CUDA -I. -I/home-link/pecap01/Programs/pluto/Src -I/opt/bwhpc/common/devel/cuda/10.0/include -I/home-link/pecap01/Programs/pluto/Src/HD -I/home-link/pecap01/Programs/pluto/Src/EOS/Isothermal /home-link/pecap01/Programs/pluto/Src/HD/hllcCuda.cu
nvcc -arch=sm_37 -c -dc -O2 -Xcompiler "-O2" -DPARALLEL_CUDA -DUSE_CUDA -I. -I/home-link/pecap01/Programs/pluto/Src -I/opt/bwhpc/common/devel/cuda/10.0/include -I/home-link/pecap01/Programs/pluto/Src/HD -I/home-link/pecap01/Programs/pluto/Src/EOS/Isothermal /home-link/pecap01/Programs/pluto/Src/HD/tvdlfCuda.cu
/home-link/pecap01/Programs/pluto/Src/analysis_reduction.cu(18): warning: invalid narrowing conversion from "long" to "unsigned int"

/home-link/pecap01/Programs/pluto/Src/analysis_reduction.cu(19): warning: invalid narrowing conversion from "long" to "unsigned int"

/home-link/pecap01/Programs/pluto/Src/analysis_reduction.cu(20): warning: invalid narrowing conversion from "long" to "unsigned int"

nvcc -arch=sm_37 -c -dc -O2 -Xcompiler "-O2" -DPARALLEL_CUDA -DUSE_CUDA -I. -I/home-link/pecap01/Programs/pluto/Src -I/opt/bwhpc/common/devel/cuda/10.0/include -I/home-link/pecap01/Programs/pluto/Src/HD -I/home-link/pecap01/Programs/pluto/Src/EOS/Isothermal /home-link/pecap01/Programs/pluto/Src/HD/rhsCuda.cu
nvcc -arch=sm_37 -c -dc -O2 -Xcompiler "-O2" -DPARALLEL_CUDA -DUSE_CUDA -I. -I/home-link/pecap01/Programs/pluto/Src -I/opt/bwhpc/common/devel/cuda/10.0/include -I/home-link/pecap01/Programs/pluto/Src/HD -I/home-link/pecap01/Programs/pluto/Src/EOS/Isothermal /home-link/pecap01/Programs/pluto/Src/HD/set_solverCuda.cu
/home-link/pecap01/Programs/pluto/Src/HD/rhsCuda.cu(24): warning: invalid narrowing conversion from "long" to "unsigned int"

/home-link/pecap01/Programs/pluto/Src/HD/rhsCuda.cu(25): warning: invalid narrowing conversion from "long" to "unsigned int"

/home-link/pecap01/Programs/pluto/Src/HD/rhsCuda.cu(26): warning: invalid narrowing conversion from "long" to "unsigned int"

nvcc -arch=sm_37 -c -dc -O2 -Xcompiler "-O2" -DPARALLEL_CUDA -DUSE_CUDA -I. -I/home-link/pecap01/Programs/pluto/Src -I/opt/bwhpc/common/devel/cuda/10.0/include -I/home-link/pecap01/Programs/pluto/Src/HD -I/home-link/pecap01/Programs/pluto/Src/EOS/Isothermal /home-link/pecap01/Programs/pluto/Src/HD/roeCuda.cu
nvcc -arch=sm_37 -c -dc -O2 -Xcompiler "-O2" -DPARALLEL_CUDA -DUSE_CUDA -I. -I/home-link/pecap01/Programs/pluto/Src -I/opt/bwhpc/common/devel/cuda/10.0/include -I/home-link/pecap01/Programs/pluto/Src/HD -I/home-link/pecap01/Programs/pluto/Src/EOS/Isothermal /home-link/pecap01/Programs/pluto/Src/HD/twoShockCuda.cu
/home-link/pecap01/Programs/pluto/Src/HD/rhsCuda.cu(24): warning: invalid narrowing conversion from "long" to "unsigned int"

/home-link/pecap01/Programs/pluto/Src/HD/rhsCuda.cu(25): warning: invalid narrowing conversion from "long" to "unsigned int"

/home-link/pecap01/Programs/pluto/Src/HD/rhsCuda.cu(26): warning: invalid narrowing conversion from "long" to "unsigned int"

/home-link/pecap01/Programs/pluto/Src/HD/roeCuda.cu(36): warning: variable "vt" was set but never used

nvcc -arch=sm_37 -c -dc -O2 -Xcompiler "-O2" -DPARALLEL_CUDA -DUSE_CUDA -I. -I/home-link/pecap01/Programs/pluto/Src -I/opt/bwhpc/common/devel/cuda/10.0/include -I/home-link/pecap01/Programs/pluto/Src/HD -I/home-link/pecap01/Programs/pluto/Src/EOS/Isothermal /home-link/pecap01/Programs/pluto/Src/HD/ausmCuda.cu
nvcc -arch=sm_37 -c -dc -O2 -Xcompiler "-O2" -DPARALLEL_CUDA -DUSE_CUDA -I. -I/home-link/pecap01/Programs/pluto/Src -I/opt/bwhpc/common/devel/cuda/10.0/include -I/home-link/pecap01/Programs/pluto/Src/HD -I/home-link/pecap01/Programs/pluto/Src/EOS/Isothermal /home-link/pecap01/Programs/pluto/Src/Viscosity/viscous_fluxCuda.cu
nvcc -arch=sm_37 -c -dc -O2 -Xcompiler "-O2" -DPARALLEL_CUDA -DUSE_CUDA -I. -I/home-link/pecap01/Programs/pluto/Src -I/opt/bwhpc/common/devel/cuda/10.0/include -I/home-link/pecap01/Programs/pluto/Src/HD -I/home-link/pecap01/Programs/pluto/Src/EOS/Isothermal /home-link/pecap01/Programs/pluto/Src/Viscosity/viscous_sourceCuda.cu
nvcc -arch=sm_37 -c -dc -O2 -Xcompiler "-O2" -DPARALLEL_CUDA -DUSE_CUDA -I. -I/home-link/pecap01/Programs/pluto/Src -I/opt/bwhpc/common/devel/cuda/10.0/include -I/home-link/pecap01/Programs/pluto/Src/HD -I/home-link/pecap01/Programs/pluto/Src/EOS/Isothermal /home-link/pecap01/Programs/pluto/Src/Viscosity/viscous_entr_sourceCuda.cu
nvcc -arch=sm_37 -c -dc -O2 -Xcompiler "-O2" -DPARALLEL_CUDA -DUSE_CUDA -I. -I/home-link/pecap01/Programs/pluto/Src -I/opt/bwhpc/common/devel/cuda/10.0/include -I/home-link/pecap01/Programs/pluto/Src/HD -I/home-link/pecap01/Programs/pluto/Src/EOS/Isothermal nbodyCuda.cu
/home-link/pecap01/Programs/pluto/Src/Viscosity/viscous_sourceCuda.cu(12): warning: invalid narrowing conversion from "long" to "unsigned int"

/home-link/pecap01/Programs/pluto/Src/Viscosity/viscous_sourceCuda.cu(13): warning: invalid narrowing conversion from "long" to "unsigned int"

/home-link/pecap01/Programs/pluto/Src/Viscosity/viscous_sourceCuda.cu(14): warning: invalid narrowing conversion from "long" to "unsigned int"

/home-link/pecap01/Programs/pluto/Src/Viscosity/viscous_sourceCuda.cu(24): warning: variable "tau_x1x2" was declared but never referenced

/home-link/pecap01/Programs/pluto/Src/Viscosity/viscous_sourceCuda.cu(26): warning: variable "dudx2" was declared but never referenced

/home-link/pecap01/Programs/pluto/Src/Viscosity/viscous_sourceCuda.cu(27): warning: variable "dvdx1" was declared but never referenced

nvcc -arch=sm_37 -c -dc -O2 -Xcompiler "-O2" -DPARALLEL_CUDA -DUSE_CUDA -I. -I/home-link/pecap01/Programs/pluto/Src -I/opt/bwhpc/common/devel/cuda/10.0/include -I/home-link/pecap01/Programs/pluto/Src/HD -I/home-link/pecap01/Programs/pluto/Src/EOS/Isothermal /home-link/pecap01/Programs/pluto/Src/Nbody/nbody_gravityCuda.cu
/home-link/pecap01/Programs/pluto/Src/Nbody/nbody_gravityCuda.cu(85): warning: missing return statement at end of non-void function "cudaNbodyCalcCellAcceleration"

/home-link/pecap01/Programs/pluto/Src/Nbody/nbody_gravityCuda.cu(165): warning: invalid narrowing conversion from "long" to "unsigned int"

/home-link/pecap01/Programs/pluto/Src/Nbody/nbody_gravityCuda.cu(166): warning: invalid narrowing conversion from "long" to "unsigned int"

/home-link/pecap01/Programs/pluto/Src/Nbody/nbody_gravityCuda.cu(167): warning: invalid narrowing conversion from "long" to "unsigned int"

/home-link/pecap01/Programs/pluto/Src/Viscosity/viscous_sourceCuda.cu(12): warning: invalid narrowing conversion from "long" to "unsigned int"

/home-link/pecap01/Programs/pluto/Src/Viscosity/viscous_sourceCuda.cu(13): warning: invalid narrowing conversion from "long" to "unsigned int"

/home-link/pecap01/Programs/pluto/Src/Viscosity/viscous_sourceCuda.cu(14): warning: invalid narrowing conversion from "long" to "unsigned int"

/home-link/pecap01/Programs/pluto/Src/Nbody/nbody_gravityCuda.cu(165): warning: invalid narrowing conversion from "long" to "unsigned int"

/home-link/pecap01/Programs/pluto/Src/Nbody/nbody_gravityCuda.cu(166): warning: invalid narrowing conversion from "long" to "unsigned int"

/home-link/pecap01/Programs/pluto/Src/Nbody/nbody_gravityCuda.cu(167): warning: invalid narrowing conversion from "long" to "unsigned int"

nvcc -arch=sm_37 -dlink -o cuLink.o toolsCuda.o memoryCuda.o mappers3DCuda.o boundaryCuda.o initCuda.o flagCuda.o flag_shockCuda.o adv_fluxCuda.o plm_statesCuda.o rk_stepCuda.o analysis_reduction.o hllCuda.o hllcCuda.o tvdlfCuda.o rhsCuda.o set_solverCuda.o roeCuda.o twoShockCuda.o ausmCuda.o viscous_fluxCuda.o viscous_sourceCuda.o viscous_entr_sourceCuda.o nbodyCuda.o nbody_gravityCuda.o
mpicc adv_flux.o arrays.o boundary.o check_states.o cmd_line_opt.o entropy_switch.o flag_shock.o flatten.o get_nghost.o init.o int_bound_reset.o input_data.o mappers3D.o mean_mol_weight.o parse_file.o plm_coeffs.o rbox.o set_indexes.o set_geometry.o set_output.o tools.o var_names.o   bin_io.o colortable.o initialize.o jet_domain.o main.o restart.o runtime_setup.o show_config.o set_image.o set_grid.o startup.o split_source.o userdef_output.o write_data.o write_tab.o write_img.o write_vtk.o  math_interp.o math_lu_decomp.o math_qr_decomp.o math_misc.o math_ode.o math_quadrature.o math_root_finders.o math_table2D.o  al_alloc.o al_boundary.o al_decompose.o al_exchange.o al_exchange_dim.o al_finalize.o al_init.o al_io.o al_sort_.o al_subarray_.o al_sz_free.o al_sz_get.o al_sz_init.o al_szptr_.o al_sz_set.o  al_decomp_.o al_write_array_async.o cuda_mpi.o plm_states.o rk_step.o update_stage.o parabolic_flux.o ausm.o eigenv.o fluxes.o mappers.o  prim_eqn.o hll_speed.o hll.o  hllc.o set_solver.o tvdlf.o two_shock.o roe.o    get_area_flux.o rhs.o rhs_source.o viscous_flux.o visc_nu.o eos.o nbody.o nbody_gravity.o nbody_init.o nbody_io.o nbody_memory.o nbody_rk4.o nbody_tools.o toolsCuda.o memoryCuda.o mappers3DCuda.o boundaryCuda.o initCuda.o flagCuda.o flag_shockCuda.o adv_fluxCuda.o plm_statesCuda.o rk_stepCuda.o analysis_reduction.o hllCuda.o hllcCuda.o tvdlfCuda.o rhsCuda.o set_solverCuda.o roeCuda.o twoShockCuda.o ausmCuda.o viscous_fluxCuda.o viscous_sourceCuda.o viscous_entr_sourceCuda.o nbodyCuda.o nbody_gravityCuda.o cuLink.o -lm  -L/opt/bwhpc/common/devel/cuda/10.0/lib64 -lcudart -o pluto
